<?xml version="1.0" encoding="UTF-8"?>
<testsuite name="atoma.test.rwlock.SingleClientWriteLockAcquisitionTest" tests="3" skipped="0" failures="0" errors="0" timestamp="2026-02-04T04:54:28.918Z" hostname="manjaro" time="3.143">
  <properties/>
  <testcase name="TEST-ACQ-002: 验证写锁的独占性（同一时间只能有一个写锁）" classname="atoma.test.rwlock.SingleClientWriteLockAcquisitionTest" time="1.056"/>
  <testcase name="TEST-ACQ-002: 验证单个客户端能够成功获取写锁" classname="atoma.test.rwlock.SingleClientWriteLockAcquisitionTest" time="2.043"/>
  <testcase name="TEST-ACQ-002: 验证超时" classname="atoma.test.rwlock.SingleClientWriteLockAcquisitionTest" time="0.038"/>
  <system-out><![CDATA[12:54:28.951 [atoma-ttl-worker-1] DEBUG atoma.core.DefaultLease - Lease [044b1aa2-8fe7-4cff-9a01-a8ab6a7bc081] renew completed. Previous expire time: 2026-02-04T04:54:36.925Z Next expire time: 2026-02-04T04:54:44.925Z 
12:54:29.820 [atoma-ttl-worker-0] INFO  a.s.m.c.CleanDeadResourceCommandHandler - Cleaned dead leases from 0 read-write locks, modified count: 0
12:54:30.007 [atoma-ttl-worker-2] DEBUG atoma.core.DefaultLease - Lease [1f06adff-9921-4f28-9679-8b239614651d] renew completed. Previous expire time: 2026-02-04T04:54:37.980Z Next expire time: 2026-02-04T04:54:45.980Z 
12:54:31.815 [atoma-ttl-worker-0] INFO  a.s.m.c.CleanDeadResourceCommandHandler - Cleaned dead leases from 0 read-write locks, modified count: 0
12:54:32.049 [atoma-ttl-worker-5] DEBUG atoma.core.DefaultLease - Lease [75610324-83f1-46b2-85bb-2a2206b6b945] renew completed. Previous expire time: 2026-02-04T04:54:40.026Z Next expire time: 2026-02-04T04:54:48.026Z 
]]></system-out>
  <system-err><![CDATA[java.util.concurrent.TimeoutException: Unable to acquire lock within the specified time.
	at atoma.core.DefaultReadWriteLock$AbstractLock.acquire(DefaultReadWriteLock.java:399)
	at atoma.core.DefaultReadWriteLock$AbstractLock.lock(DefaultReadWriteLock.java:291)
	at atoma.test.rwlock.SingleClientWriteLockAcquisitionTest.lambda$testWriteLockExclusivity$1(SingleClientWriteLockAcquisitionTest.java:98)
	at java.base/java.lang.Thread.run(Thread.java:842)
]]></system-err>
</testsuite>
