<?xml version="1.0" encoding="UTF-8"?>
<testsuite name="atoma.test.barrier.BarrierTc020Test" tests="1" skipped="0" failures="0" errors="0" timestamp="2026-02-04T04:54:23.615Z" hostname="manjaro" time="1.318">
  <properties/>
  <testcase name="BARRIER-TC-020: 超时后屏障状态验证" classname="atoma.test.barrier.BarrierTc020Test" time="1.314"/>
  <system-out><![CDATA[12:54:23.733 [atoma-ttl-worker-1] DEBUG atoma.core.DefaultLease - Lease [ce3759e2-e715-4db8-90d0-385914d3169f] renew completed. Previous expire time: 2026-02-04T04:54:55.697Z Next expire time: 2026-02-04T04:55:27.697Z 
]]></system-out>
  <system-err><![CDATA[]]></system-err>
</testsuite>
