<?xml version="1.0" encoding="UTF-8"?>
<testsuite name="atoma.test.rwlock.WriteLockBlocksReadLockTest" tests="2" skipped="0" failures="0" errors="0" timestamp="2026-02-04T04:54:28.697Z" hostname="manjaro" time="1.796">
  <properties/>
  <testcase name="TEST-ACQ-004:" classname="atoma.test.rwlock.WriteLockBlocksReadLockTest" time="0.719"/>
  <testcase name="TEST-ACQ-004: 验证当写锁被持有时，后续的读锁获取请求会被阻塞" classname="atoma.test.rwlock.WriteLockBlocksReadLockTest" time="1.076"/>
  <system-out><![CDATA[12:54:28.754 [atoma-ttl-worker-2] DEBUG atoma.core.DefaultLease - Lease [d24d1d3f-ffda-43f5-8615-9bd943b3b541] renew completed. Previous expire time: 2026-02-04T04:54:36.699Z Next expire time: 2026-02-04T04:54:44.699Z 
12:54:29.007 [atoma-ttl-worker-0] INFO  a.s.m.c.CleanDeadResourceCommandHandler - Cleaned dead leases from 0 read-write locks, modified count: 0
12:54:29.447 [atoma-ttl-worker-4] DEBUG atoma.core.DefaultLease - Lease [1341c005-af8f-4c75-a6ae-14f81cf1210a] renew completed. Previous expire time: 2026-02-04T04:54:37.424Z Next expire time: 2026-02-04T04:54:45.424Z 
]]></system-out>
  <system-err><![CDATA[Main：Unlock 
0
Main：Unlock2 
]]></system-err>
</testsuite>
