<?xml version="1.0" encoding="UTF-8"?>
<testsuite name="atoma.test.barrier.BarrierTc024Test" tests="1" skipped="0" failures="0" errors="0" timestamp="2026-02-04T04:54:23.405Z" hostname="manjaro" time="1.011">
  <properties/>
  <testcase name="BARRIER-TC-024: 多次循环后屏障状态一致性验证" classname="atoma.test.barrier.BarrierTc024Test" time="1.009"/>
  <system-out><![CDATA[--- Cycle 1 ---
12:54:23.521 [atoma-ttl-worker-1] DEBUG atoma.core.DefaultLease - Lease [2a97210b-482d-474c-ac2c-649c4a27d385] renew completed. Previous expire time: 2026-02-04T04:54:55.489Z Next expire time: 2026-02-04T04:55:27.489Z 
--- Cycle 2 ---
--- Cycle 3 ---
--- Cycle 4 ---
--- Cycle 5 ---
]]></system-out>
  <system-err><![CDATA[]]></system-err>
</testsuite>
