<?xml version="1.0" encoding="UTF-8"?>
<testsuite name="atoma.test.barrier.BarrierTc015Test" tests="1" skipped="0" failures="0" errors="0" timestamp="2026-02-04T04:54:23.517Z" hostname="manjaro" time="0.491">
  <properties/>
  <testcase name="BARRIER-TC-015: 所有节点到达后屏障重置" classname="atoma.test.barrier.BarrierTc015Test" time="0.488"/>
  <system-out><![CDATA[12:54:23.628 [atoma-ttl-worker-0] DEBUG atoma.core.DefaultLease - Lease [56ba8986-001c-46b6-8a5f-cbcd21df6fea] renew completed. Previous expire time: 2026-02-04T04:54:55.592Z Next expire time: 2026-02-04T04:55:27.592Z 
--- First Pass ---
--- Second Pass ---
]]></system-out>
  <system-err><![CDATA[]]></system-err>
</testsuite>
