<?xml version="1.0" encoding="UTF-8"?>
<testsuite name="atoma.test.semaphore.SemaphoreFullBlockingAcquisitionTest" tests="1" skipped="0" failures="1" errors="0" timestamp="2026-02-04T04:54:40.994Z" hostname="manjaro" time="0.084">
  <properties/>
  <testcase name="TEST-SEM-ACQ-003: 信号量已满时获取许可被阻塞，验证容量限制" classname="atoma.test.semaphore.SemaphoreFullBlockingAcquisitionTest" time="0.084">
    <failure message="org.opentest4j.AssertionFailedError: &#10;expected: 0&#10; but was: 10" type="org.opentest4j.AssertionFailedError">org.opentest4j.AssertionFailedError: 
expected: 0
 but was: 10
	at java.base/jdk.internal.reflect.NativeConstructorAccessorImpl.newInstance0(Native Method)
	at java.base/jdk.internal.reflect.NativeConstructorAccessorImpl.newInstance(NativeConstructorAccessorImpl.java:77)
	at java.base/jdk.internal.reflect.DelegatingConstructorAccessorImpl.newInstance(DelegatingConstructorAccessorImpl.java:45)
	at java.base/java.lang.reflect.Constructor.newInstanceWithCaller(Constructor.java:499)
	at atoma.test.semaphore.SemaphoreFullBlockingAcquisitionTest.testSemaphoreFullBlockingAcquisition(SemaphoreFullBlockingAcquisitionTest.java:36)
</failure>
  </testcase>
  <system-out><![CDATA[12:54:41.008 [Test worker] INFO  a.s.m.c.CleanDeadResourceCommandHandler - Cleaned dead leases from 0 read-write locks, modified count: 0
12:54:41.023 [atoma-ttl-worker-0] INFO  a.s.m.c.CleanDeadResourceCommandHandler - Cleaned dead leases from 0 read-write locks, modified count: 0
12:54:41.032 [atoma-ttl-worker-1] DEBUG atoma.core.DefaultLease - Lease [71122eee-41bc-46c7-8055-f166e2b1cb6c] renew completed. Previous expire time: 2026-02-04T04:54:44.016Z Next expire time: 2026-02-04T04:54:47.016Z 
12:54:41.034 [atoma-event-demultiplexer] DEBUG atoma.core.DefaultSemaphore - Semaphore received an event. Event-type: UPDATED. Latest version: 5 Semaphore Data: Document{{_id=TEST-SEM-ACQ-003, initial_permits=5, available_permits=10, leases=Document{{71122eee-41bc-46c7-8055-f166e2b1cb6c=5}}, version=5, _update_flag=true}}  
12:54:41.058 [Test worker] INFO  a.s.m.c.CleanDeadResourceCommandHandler - Cleaned dead leases from 0 read-write locks, modified count: 0
12:54:41.073 [Test worker] INFO  a.s.m.c.CleanDeadResourceCommandHandler - Cleaned dead leases from 1 semaphores, modified count: 1
]]></system-out>
  <system-err><![CDATA[]]></system-err>
</testsuite>
