<?xml version="1.0" encoding="UTF-8"?>
<testsuite name="atoma.test.mutex.LockReleaseAvailabilityTest" tests="1" skipped="0" failures="0" errors="0" timestamp="2026-02-04T04:54:26.588Z" hostname="manjaro" time="0.895">
  <properties/>
  <testcase name="TC-05: 持有者主动释放锁，其他客户端可立即获取" classname="atoma.test.mutex.LockReleaseAvailabilityTest" time="0.884"/>
  <system-out><![CDATA[12:54:26.637 [Test worker] INFO  a.s.m.c.CleanDeadResourceCommandHandler - Cleaned dead leases from 0 read-write locks, modified count: 0
12:54:26.661 [Test worker] INFO  a.s.m.c.CleanDeadResourceCommandHandler - Deleted 1 empty read-write lock documents
12:54:26.686 [atoma-ttl-worker-0] INFO  a.s.m.c.CleanDeadResourceCommandHandler - Cleaned dead leases from 0 read-write locks, modified count: 0
12:54:26.702 [atoma-ttl-worker-1] DEBUG atoma.core.DefaultLease - Lease [90f120ad-a1d0-4396-867b-ca3494eca95f] renew completed. Previous expire time: 2026-02-04T04:54:56.674Z Next expire time: 2026-02-04T04:55:26.674Z 
12:54:26.736 [atoma-ttl-worker-1] DEBUG atoma.core.DefaultLease - Lease [d10854bb-18b7-4aa6-a237-ba8363ae3923] renew completed. Previous expire time: 2026-02-04T04:54:56.695Z Next expire time: 2026-02-04T04:55:26.695Z 
12:54:26.750 [atoma-event-demultiplexer] DEBUG atoma.core.DefaultMutexLock - Mutex lock received an event. Event-type: CREATED. Latest version: 1 Lock Data: Document{{_id=test-resource-tc05, lease=90f120ad-a1d0-4396-867b-ca3494eca95f, holder=Thread-9-169, version=1}}
12:54:26.751 [atoma-event-demultiplexer] DEBUG atoma.core.DefaultMutexLock - Mutex lock received an event. Event-type: CREATED. Latest version: 1 Lock Data: Document{{_id=test-resource-tc05, lease=90f120ad-a1d0-4396-867b-ca3494eca95f, holder=Thread-9-169, version=1}}
12:54:27.269 [atoma-event-demultiplexer] DEBUG atoma.core.DefaultMutexLock - Mutex lock received an event. Event-type: DELETED. Latest version: -1 Lock Data: null
12:54:27.271 [atoma-event-demultiplexer] DEBUG atoma.core.DefaultMutexLock - Mutex lock has waiters in queue : false 
12:54:27.272 [atoma-event-demultiplexer] DEBUG atoma.core.DefaultMutexLock - Mutex lock received an event. Event-type: DELETED. Latest version: -1 Lock Data: null
12:54:27.272 [atoma-event-demultiplexer] DEBUG atoma.core.DefaultMutexLock - Mutex lock has waiters in queue : false 
12:54:27.282 [atoma-event-demultiplexer] DEBUG atoma.core.DefaultMutexLock - Mutex lock received an event. Event-type: CREATED. Latest version: 1 Lock Data: Document{{_id=test-resource-tc05, lease=d10854bb-18b7-4aa6-a237-ba8363ae3923, holder=Thread-10-172, version=1}}
12:54:27.286 [atoma-event-demultiplexer] DEBUG atoma.core.DefaultMutexLock - Mutex lock received an event. Event-type: CREATED. Latest version: 1 Lock Data: Document{{_id=test-resource-tc05, lease=d10854bb-18b7-4aa6-a237-ba8363ae3923, holder=Thread-10-172, version=1}}
12:54:27.299 [atoma-event-demultiplexer] DEBUG atoma.core.DefaultMutexLock - Mutex lock received an event. Event-type: DELETED. Latest version: -1 Lock Data: null
12:54:27.300 [atoma-event-demultiplexer] DEBUG atoma.core.DefaultMutexLock - Mutex lock has waiters in queue : false 
12:54:27.300 [atoma-event-demultiplexer] DEBUG atoma.core.DefaultMutexLock - Mutex lock received an event. Event-type: DELETED. Latest version: -1 Lock Data: null
12:54:27.300 [atoma-event-demultiplexer] DEBUG atoma.core.DefaultMutexLock - Mutex lock has waiters in queue : false 
12:54:27.337 [Test worker] INFO  a.s.m.c.CleanDeadResourceCommandHandler - Cleaned dead leases from 0 read-write locks, modified count: 0
12:54:27.381 [atoma-ttl-worker-1] INFO  a.s.m.c.CleanDeadResourceCommandHandler - Cleaned dead leases from 0 read-write locks, modified count: 0
12:54:27.451 [Test worker] INFO  a.s.m.c.CleanDeadResourceCommandHandler - Cleaned dead leases from 0 read-write locks, modified count: 0
TC-05: 持有者主动释放锁，其他客户端可立即获取 - PASSED
]]></system-out>
  <system-err><![CDATA[]]></system-err>
</testsuite>
