<?xml version="1.0" encoding="UTF-8"?>
<testsuite name="atoma.test.mutex.SingleClientLockAcquisitionTest" tests="1" skipped="0" failures="0" errors="0" timestamp="2026-02-04T04:54:28.538Z" hostname="manjaro" time="0.158">
  <properties/>
  <testcase name="TC-01: 单客户端成功获取锁" classname="atoma.test.mutex.SingleClientLockAcquisitionTest" time="0.157"/>
  <system-out><![CDATA[12:54:28.580 [Test worker] INFO  a.s.m.c.CleanDeadResourceCommandHandler - Cleaned dead leases from 0 read-write locks, modified count: 0
12:54:28.617 [atoma-ttl-worker-0] INFO  a.s.m.c.CleanDeadResourceCommandHandler - Cleaned dead leases from 0 read-write locks, modified count: 0
12:54:28.633 [atoma-event-demultiplexer] DEBUG atoma.core.DefaultMutexLock - Mutex lock received an event. Event-type: CREATED. Latest version: 1 Lock Data: Document{{_id=test-resource-tc01, lease=ae7687d4-9299-4907-b7c8-902bb1769637, holder=Test worker-1, version=1}}
TC-01: 单客户端成功获取锁 - PASSED
12:54:28.634 [atoma-ttl-worker-1] DEBUG atoma.core.DefaultLease - Lease [ae7687d4-9299-4907-b7c8-902bb1769637] renew completed. Previous expire time: 2026-02-04T04:54:58.597Z Next expire time: 2026-02-04T04:55:28.597Z 
12:54:28.646 [atoma-event-demultiplexer] DEBUG atoma.core.DefaultMutexLock - Mutex lock received an event. Event-type: DELETED. Latest version: -1 Lock Data: null
12:54:28.646 [atoma-event-demultiplexer] DEBUG atoma.core.DefaultMutexLock - Mutex lock has waiters in queue : false 
]]></system-out>
  <system-err><![CDATA[]]></system-err>
</testsuite>
