<?xml version="1.0" encoding="UTF-8"?>
<testsuite name="atoma.test.mutex.NetworkTimeoutLockTest" tests="1" skipped="0" failures="0" errors="0" timestamp="2026-02-04T04:55:08.804Z" hostname="manjaro" time="5.051">
  <properties/>
  <testcase name="TC-26: 获取锁时网络超时" classname="atoma.test.mutex.NetworkTimeoutLockTest" time="5.05"/>
  <system-out><![CDATA[12:55:08.833 [atoma-ttl-worker-1] DEBUG atoma.core.DefaultLease - Lease [c57c2e20-2e0d-4188-94c1-74755332e5ef] renew completed. Previous expire time: 2026-02-04T04:55:38.821Z Next expire time: 2026-02-04T04:56:08.821Z 
12:55:08.838 [atoma-event-demultiplexer] DEBUG atoma.core.DefaultMutexLock - Mutex lock received an event. Event-type: CREATED. Latest version: 1 Lock Data: Document{{_id=test-resource-tc26, lease=c57c2e20-2e0d-4188-94c1-74755332e5ef, holder=Thread-8-79, version=1}}
12:55:08.852 [atoma-ttl-worker-0] DEBUG atoma.core.DefaultLease - Lease [60785d38-8f66-4e83-ab33-0f2a5842cd7b] renew completed. Previous expire time: 2026-02-04T04:55:38.838Z Next expire time: 2026-02-04T04:56:08.838Z 
12:55:09.765 [atoma-ttl-worker-0] INFO  a.s.m.c.CleanDeadResourceCommandHandler - Cleaned dead leases from 0 read-write locks, modified count: 0
12:55:09.866 [Thread-9] INFO  a.s.m.c.CleanDeadResourceCommandHandler - Cleaned dead leases from 0 read-write locks, modified count: 0
12:55:10.830 [atoma-ttl-worker-1] INFO  a.s.m.c.CleanDeadResourceCommandHandler - Cleaned dead leases from 0 read-write locks, modified count: 0
12:55:11.755 [atoma-ttl-worker-0] INFO  a.s.m.c.CleanDeadResourceCommandHandler - Cleaned dead leases from 0 read-write locks, modified count: 0
12:55:12.823 [atoma-ttl-worker-1] INFO  a.s.m.c.CleanDeadResourceCommandHandler - Cleaned dead leases from 0 read-write locks, modified count: 0
12:55:13.755 [atoma-ttl-worker-0] INFO  a.s.m.c.CleanDeadResourceCommandHandler - Cleaned dead leases from 0 read-write locks, modified count: 0
12:55:13.844 [atoma-event-demultiplexer] DEBUG atoma.core.DefaultMutexLock - Mutex lock received an event. Event-type: DELETED. Latest version: -1 Lock Data: null
12:55:13.844 [atoma-event-demultiplexer] DEBUG atoma.core.DefaultMutexLock - Mutex lock has waiters in queue : false 
12:55:13.844 [atoma-event-demultiplexer] DEBUG atoma.core.DefaultMutexLock - Mutex lock received an event. Event-type: DELETED. Latest version: -1 Lock Data: null
12:55:13.844 [atoma-event-demultiplexer] DEBUG atoma.core.DefaultMutexLock - Mutex lock has waiters in queue : false 
12:55:13.854 [Test worker] INFO  a.s.m.c.CleanDeadResourceCommandHandler - Cleaned dead leases from 0 read-write locks, modified count: 0
TC-26: 获取锁时网络超时 - PASSED
]]></system-out>
  <system-err><![CDATA[]]></system-err>
</testsuite>
