<?xml version="1.0" encoding="UTF-8"?>
<testsuite name="atoma.test.barrier.BarrierTc005Test" tests="1" skipped="0" failures="0" errors="0" timestamp="2026-02-04T04:54:19.081Z" hostname="manjaro" time="3.993">
  <properties/>
  <testcase name="BARRIER-TC-005: 使用超过系统限制的参与者数量初始化屏障" classname="atoma.test.barrier.BarrierTc005Test" time="0.276"/>
  <system-out><![CDATA[12:54:19,150 |-INFO in ch.qos.logback.classic.LoggerContext[default] - This is logback-classic version 1.5.7
12:54:19,152 |-INFO in ch.qos.logback.classic.util.ContextInitializer@62577d6 - No custom configurators were discovered as a service.
12:54:19,152 |-INFO in ch.qos.logback.classic.util.ContextInitializer@62577d6 - Trying to configure with ch.qos.logback.classic.joran.SerializedModelConfigurator
12:54:19,155 |-INFO in ch.qos.logback.classic.util.ContextInitializer@62577d6 - Constructed configurator of type class ch.qos.logback.classic.joran.SerializedModelConfigurator
12:54:19,162 |-INFO in ch.qos.logback.classic.LoggerContext[default] - Could NOT find resource [logback-test.scmo]
12:54:19,162 |-INFO in ch.qos.logback.classic.LoggerContext[default] - Could NOT find resource [logback.scmo]
12:54:19,172 |-INFO in ch.qos.logback.classic.util.ContextInitializer@62577d6 - ch.qos.logback.classic.joran.SerializedModelConfigurator.configure() call lasted 8 milliseconds. ExecutionStatus=INVOKE_NEXT_IF_ANY
12:54:19,172 |-INFO in ch.qos.logback.classic.util.ContextInitializer@62577d6 - Trying to configure with ch.qos.logback.classic.util.DefaultJoranConfigurator
12:54:19,173 |-INFO in ch.qos.logback.classic.util.ContextInitializer@62577d6 - Constructed configurator of type class ch.qos.logback.classic.util.DefaultJoranConfigurator
12:54:19,174 |-INFO in ch.qos.logback.classic.LoggerContext[default] - Could NOT find resource [logback-test.xml]
12:54:19,176 |-INFO in ch.qos.logback.classic.LoggerContext[default] - Found resource [logback.xml] at [file:/home/maxuefeng/atoma/atoma-test/build/resources/test/logback.xml]
12:54:19,177 |-WARN in ch.qos.logback.classic.util.DefaultJoranConfigurator@49bd54f7 - Resource [logback.xml] occurs multiple times on the classpath.
12:54:19,177 |-WARN in ch.qos.logback.classic.util.DefaultJoranConfigurator@49bd54f7 - Resource [logback.xml] occurs at [jar:file:/home/maxuefeng/atoma/atoma-core/build/libs/atoma-core-1.0.jar!/logback.xml]
12:54:19,177 |-WARN in ch.qos.logback.classic.util.DefaultJoranConfigurator@49bd54f7 - Resource [logback.xml] occurs at [file:/home/maxuefeng/atoma/atoma-test/build/resources/test/logback.xml]
12:54:19,273 |-INFO in ch.qos.logback.core.model.processor.AppenderModelHandler - Processing appender named [CONSOLE]
12:54:19,273 |-INFO in ch.qos.logback.core.model.processor.AppenderModelHandler - About to instantiate appender of type [ch.qos.logback.core.ConsoleAppender]
12:54:19,282 |-INFO in ch.qos.logback.core.model.processor.ImplicitModelHandler - Assuming default type [ch.qos.logback.classic.encoder.PatternLayoutEncoder] for [encoder] property
12:54:19,315 |-INFO in ch.qos.logback.classic.model.processor.LoggerModelHandler - Setting level of logger [org.mongodb.driver] to WARN
12:54:19,315 |-INFO in ch.qos.logback.classic.model.processor.LoggerModelHandler - Setting level of logger [com.mongodb] to WARN
12:54:19,317 |-INFO in ch.qos.logback.classic.model.processor.RootLoggerModelHandler - Setting level of ROOT logger to DEBUG
12:54:19,318 |-INFO in ch.qos.logback.core.model.processor.AppenderRefModelHandler - Attaching appender named [CONSOLE] to Logger[ROOT]
12:54:19,319 |-INFO in ch.qos.logback.core.model.processor.DefaultProcessor@6b5f8707 - End of configuration.
12:54:19,320 |-INFO in ch.qos.logback.classic.joran.JoranConfigurator@772485dd - Registering current configuration as safe fallback point
12:54:19,320 |-INFO in ch.qos.logback.classic.util.ContextInitializer@62577d6 - ch.qos.logback.classic.util.DefaultJoranConfigurator.configure() call lasted 147 milliseconds. ExecutionStatus=DO_NOT_INVOKE_NEXT_IF_ANY

12:54:19.373 [Test worker] DEBUG o.t.u.TestcontainersConfiguration - Testcontainers configuration overrides will be loaded from file:/home/maxuefeng/.testcontainers.properties
12:54:19.395 [Test worker] DEBUG o.t.u.TestcontainersConfiguration - Testcontainers configuration overrides will be loaded from file:/home/maxuefeng/atoma/atoma-test/build/resources/test/testcontainers.properties
12:54:19.397 [Test worker] INFO  o.testcontainers.images.PullPolicy - Image pull policy will be performed by: DefaultPullPolicy()
12:54:19.402 [Test worker] INFO  o.t.utility.ImageNameSubstitutor - Image name substitution will be performed by: DefaultImageNameSubstitutor (composite of 'ConfigurationFileImageNameSubstitutor' and 'PrefixingImageNameSubstitutor')
12:54:19.787 [Test worker] INFO  o.t.d.DockerClientProviderStrategy - Loaded org.testcontainers.dockerclient.UnixSocketClientProviderStrategy from ~/.testcontainers.properties, will try it first
12:54:19.790 [Test worker] DEBUG o.t.d.DockerClientProviderStrategy - Trying out strategy: UnixSocketClientProviderStrategy
12:54:19.998 [Test worker] DEBUG o.t.s.c.g.d.c.command.AbstrDockerCmd - Cmd: 
12:54:20.026 [Test worker] DEBUG c.g.d.z.s.o.a.h.c.h.i.c.InternalHttpClient - ex-00000001: preparing request execution
12:54:20.053 [Test worker] DEBUG c.g.d.z.s.o.a.h.c.h.p.RequestAddCookies - Cookie spec selected: strict
12:54:20.064 [Test worker] DEBUG c.g.d.z.s.o.a.h.c.h.p.RequestAuthCache - Auth cache not set in the context
12:54:20.065 [Test worker] DEBUG c.g.d.z.s.o.a.h.c.h.i.c.ProtocolExec - ex-00000001: target auth state: UNCHALLENGED
12:54:20.067 [Test worker] DEBUG c.g.d.z.s.o.a.h.c.h.i.c.ProtocolExec - ex-00000001: proxy auth state: UNCHALLENGED
12:54:20.069 [Test worker] DEBUG c.g.d.z.s.o.a.h.c.h.i.c.ConnectExec - ex-00000001: acquiring connection with route {}->unix://localhost:2375
12:54:20.072 [Test worker] DEBUG c.g.d.z.s.o.a.h.c.h.i.c.InternalHttpClient - ex-00000001: acquiring endpoint (3 MINUTES)
12:54:20.074 [Test worker] DEBUG c.g.d.z.s.o.a.h.c.h.i.i.PoolingHttpClientConnectionManager - ex-00000001: endpoint lease request (3 MINUTES) [route: {}->unix://localhost:2375][total available: 0; route allocated: 0 of 2147483647; total allocated: 0 of 2147483647]
12:54:20.079 [Test worker] DEBUG c.g.d.z.s.o.a.h.c.h.i.i.PoolingHttpClientConnectionManager - ex-00000001: endpoint leased [route: {}->unix://localhost:2375][total available: 0; route allocated: 1 of 2147483647; total allocated: 1 of 2147483647]
12:54:20.089 [Test worker] DEBUG c.g.d.z.s.o.a.h.c.h.i.i.PoolingHttpClientConnectionManager - ex-00000001: acquired ep-00000000
12:54:20.089 [Test worker] DEBUG c.g.d.z.s.o.a.h.c.h.i.c.InternalHttpClient - ex-00000001: acquired endpoint ep-00000000
12:54:20.089 [Test worker] DEBUG c.g.d.z.s.o.a.h.c.h.i.c.ConnectExec - ex-00000001: opening connection {}->unix://localhost:2375
12:54:20.090 [Test worker] DEBUG c.g.d.z.s.o.a.h.c.h.i.c.InternalHttpClient - ep-00000000: connecting endpoint (3 MINUTES)
12:54:20.090 [Test worker] DEBUG c.g.d.z.s.o.a.h.c.h.i.i.PoolingHttpClientConnectionManager - ep-00000000: connecting endpoint to unix://localhost:2375 (3 MINUTES)
12:54:20.093 [Test worker] DEBUG c.g.d.z.s.o.a.h.c.h.i.i.DefaultHttpClientConnectionOperator - http-outgoing-0: connecting to localhost/127.0.0.1:2375
12:54:20.094 [Test worker] DEBUG c.g.d.z.s.o.a.h.c.h.i.i.DefaultHttpClientConnectionOperator - http-outgoing-0: connection established /var/run/docker.sock<->/var/run/docker.sock
12:54:20.095 [Test worker] DEBUG c.g.d.z.s.o.a.h.c.h.i.i.PoolingHttpClientConnectionManager - ep-00000000: connected http-outgoing-0
12:54:20.096 [Test worker] DEBUG c.g.d.z.s.o.a.h.c.h.i.c.InternalHttpClient - ep-00000000: endpoint connected
12:54:20.096 [Test worker] DEBUG c.g.d.z.s.o.a.h.c.h.i.c.MainClientExec - ex-00000001: executing GET /v1.32/info HTTP/1.1
12:54:20.097 [Test worker] DEBUG c.g.d.z.s.o.a.h.c.h.i.c.InternalHttpClient - ep-00000000: start execution ex-00000001
12:54:20.097 [Test worker] DEBUG c.g.d.z.s.o.a.h.c.h.i.i.PoolingHttpClientConnectionManager - ep-00000000: executing exchange ex-00000001 over http-outgoing-0
12:54:20.099 [Test worker] DEBUG c.g.d.z.s.o.a.h.client5.http.headers - http-outgoing-0 >> GET /v1.32/info HTTP/1.1
12:54:20.100 [Test worker] DEBUG c.g.d.z.s.o.a.h.client5.http.headers - http-outgoing-0 >> x-tc-sid: a6f66aad-c2b6-4fef-ad8c-1cdb82b0cc07
12:54:20.100 [Test worker] DEBUG c.g.d.z.s.o.a.h.client5.http.headers - http-outgoing-0 >> User-Agent: tc-java/1.19.7
12:54:20.100 [Test worker] DEBUG c.g.d.z.s.o.a.h.client5.http.headers - http-outgoing-0 >> Accept-Encoding: gzip, x-gzip, deflate
12:54:20.101 [Test worker] DEBUG c.g.d.z.s.o.a.h.client5.http.headers - http-outgoing-0 >> Host: localhost:2375
12:54:20.101 [Test worker] DEBUG c.g.d.z.s.o.a.h.client5.http.headers - http-outgoing-0 >> Connection: keep-alive
12:54:20.101 [Test worker] DEBUG c.g.d.z.s.o.a.hc.client5.http.wire - http-outgoing-0 >> "GET /v1.32/info HTTP/1.1[\r][\n]"
12:54:20.101 [Test worker] DEBUG c.g.d.z.s.o.a.hc.client5.http.wire - http-outgoing-0 >> "x-tc-sid: a6f66aad-c2b6-4fef-ad8c-1cdb82b0cc07[\r][\n]"
12:54:20.103 [Test worker] DEBUG c.g.d.z.s.o.a.hc.client5.http.wire - http-outgoing-0 >> "User-Agent: tc-java/1.19.7[\r][\n]"
12:54:20.103 [Test worker] DEBUG c.g.d.z.s.o.a.hc.client5.http.wire - http-outgoing-0 >> "Accept-Encoding: gzip, x-gzip, deflate[\r][\n]"
12:54:20.104 [Test worker] DEBUG c.g.d.z.s.o.a.hc.client5.http.wire - http-outgoing-0 >> "Host: localhost:2375[\r][\n]"
12:54:20.104 [Test worker] DEBUG c.g.d.z.s.o.a.hc.client5.http.wire - http-outgoing-0 >> "Connection: keep-alive[\r][\n]"
12:54:20.104 [Test worker] DEBUG c.g.d.z.s.o.a.hc.client5.http.wire - http-outgoing-0 >> "[\r][\n]"
12:54:20.115 [Test worker] DEBUG c.g.d.z.s.o.a.hc.client5.http.wire - http-outgoing-0 << "HTTP/1.1 200 OK[\r][\n]"
12:54:20.116 [Test worker] DEBUG c.g.d.z.s.o.a.hc.client5.http.wire - http-outgoing-0 << "Api-Version: 1.47[\r][\n]"
12:54:20.116 [Test worker] DEBUG c.g.d.z.s.o.a.hc.client5.http.wire - http-outgoing-0 << "Content-Type: application/json[\r][\n]"
12:54:20.116 [Test worker] DEBUG c.g.d.z.s.o.a.hc.client5.http.wire - http-outgoing-0 << "Docker-Experimental: false[\r][\n]"
12:54:20.116 [Test worker] DEBUG c.g.d.z.s.o.a.hc.client5.http.wire - http-outgoing-0 << "Ostype: linux[\r][\n]"
12:54:20.116 [Test worker] DEBUG c.g.d.z.s.o.a.hc.client5.http.wire - http-outgoing-0 << "Server: Docker/27.3.1 (linux)[\r][\n]"
12:54:20.116 [Test worker] DEBUG c.g.d.z.s.o.a.hc.client5.http.wire - http-outgoing-0 << "Date: Wed, 04 Feb 2026 04:54:20 GMT[\r][\n]"
12:54:20.116 [Test worker] DEBUG c.g.d.z.s.o.a.hc.client5.http.wire - http-outgoing-0 << "Transfer-Encoding: chunked[\r][\n]"
12:54:20.116 [Test worker] DEBUG c.g.d.z.s.o.a.hc.client5.http.wire - http-outgoing-0 << "[\r][\n]"
12:54:20.116 [Test worker] DEBUG c.g.d.z.s.o.a.hc.client5.http.wire - http-outgoing-0 << "91c[\r][\n]"
12:54:20.116 [Test worker] DEBUG c.g.d.z.s.o.a.hc.client5.http.wire - http-outgoing-0 << "{"ID":"6b641704-86c1-4833-bc96-eff1e29cecc8","Containers":3,"ContainersRunning":3,"ContainersPaused":0,"ContainersStopped":0,"Images":3,"Driver":"overlay2","DriverStatus":[["Backing Filesystem","extfs"],["Supports d_type","true"],["Using metacopy","true"],["Native Overlay Diff","false"],["userxattr","false"]],"Plugins":{"Volume":["local"],"Network":["bridge","host","ipvlan","macvlan","null","overlay"],"Authorization":null,"Log":["awslogs","fluentd","gcplogs","gelf","journald","json-file","local","splunk","syslog"]},"MemoryLimit":true,"SwapLimit":true,"CpuCfsPeriod":true,"CpuCfsQuota":true,"CPUShares":true,"CPUSet":true,"PidsLimit":true,"IPv4Forwarding":true,"BridgeNfIptables":false,"BridgeNfIp6tables":false,"Debug":false,"NFd":61,"OomKillDisable":false,"NGoroutines":62,"SystemTime":"2026-02-04T12:54:20.105334559+08:00","LoggingDriver":"json-file","CgroupDriver":"systemd","CgroupVersion":"2","NEventsListener":0,"KernelVersion":"6.1.119-1-MANJARO","OperatingSystem":"Manjaro Linux","OSVersion":"","OSType":"linux","Architecture":"x86_64","IndexServerAddress":"https://index.docker.io/v1/","RegistryConfig":{"AllowNondistributableArtifactsCIDRs":null,"AllowNondistributableArtifactsHostnames":null,"InsecureRegistryCIDRs":["127.0.0.0/8"],"IndexConfigs":{"docker.io":{"Name":"docker.io","Mirrors":[],"Secure":true,"Official":true}},"Mirrors":null},"NCPU":20,"MemTotal":33491095552,"GenericResources":null,"DockerRootDir":"/var/lib/docker","HttpProxy":"http://localhost:7890/","HttpsProxy":"http://localhost:7890/","NoProxy":"","Name":"manjaro","Labels":[],"ExperimentalBuild":false,"ServerVersion":"27.3.1","Runtimes":{"io.containerd.runc.v2":{"path":"runc"},"runc":{"path":"runc"}},"DefaultRuntime":"runc","Swarm":{"NodeID":"","NodeAddr":"","LocalNodeState":"inactive","ControlAvailable":false,"Error":"","RemoteManagers":null},"LiveRestoreEnabled":false,"Isolation":"","InitBinary":"docker-init","ContainerdCommit":{"ID":"207ad711eabd375a01713109a8a197d197ff6542.m","Expected":"207ad711eabd375a01713109a8a197d197ff6542.m"},"RuncCommit":{"ID":"","Expected":""},"InitCommit":{"ID":"de40ad0","Expected":"de40ad0"},"SecurityOptions":["name=apparmor","name=seccomp,profile=builtin","name=cgroupns"],"CDISpecDirs":[],"Warnings":["WARNING: bridge-nf-call-iptables is disabled","WARNING: bridge-nf-call-ip6tables is disabled"]}[\n]"
12:54:20.116 [Test worker] DEBUG c.g.d.z.s.o.a.hc.client5.http.wire - http-outgoing-0 << "[\r][\n]"
12:54:20.117 [Test worker] DEBUG c.g.d.z.s.o.a.hc.client5.http.wire - http-outgoing-0 << "0[\r][\n]"
12:54:20.117 [Test worker] DEBUG c.g.d.z.s.o.a.hc.client5.http.wire - http-outgoing-0 << "[\r][\n]"
12:54:20.121 [Test worker] DEBUG c.g.d.z.s.o.a.h.client5.http.headers - http-outgoing-0 << HTTP/1.1 200 OK
12:54:20.122 [Test worker] DEBUG c.g.d.z.s.o.a.h.client5.http.headers - http-outgoing-0 << Api-Version: 1.47
12:54:20.122 [Test worker] DEBUG c.g.d.z.s.o.a.h.client5.http.headers - http-outgoing-0 << Content-Type: application/json
12:54:20.122 [Test worker] DEBUG c.g.d.z.s.o.a.h.client5.http.headers - http-outgoing-0 << Docker-Experimental: false
12:54:20.122 [Test worker] DEBUG c.g.d.z.s.o.a.h.client5.http.headers - http-outgoing-0 << Ostype: linux
12:54:20.123 [Test worker] DEBUG c.g.d.z.s.o.a.h.client5.http.headers - http-outgoing-0 << Server: Docker/27.3.1 (linux)
12:54:20.123 [Test worker] DEBUG c.g.d.z.s.o.a.h.client5.http.headers - http-outgoing-0 << Date: Wed, 04 Feb 2026 04:54:20 GMT
12:54:20.123 [Test worker] DEBUG c.g.d.z.s.o.a.h.client5.http.headers - http-outgoing-0 << Transfer-Encoding: chunked
12:54:20.131 [Test worker] DEBUG c.g.d.z.s.o.a.h.c.h.i.c.MainClientExec - ex-00000001: connection can be kept alive for 3 MINUTES
12:54:20.267 [Test worker] DEBUG c.g.d.z.s.o.a.h.c.h.i.c.InternalHttpClient - ep-00000000: releasing valid endpoint
12:54:20.268 [Test worker] DEBUG c.g.d.z.s.o.a.h.c.h.i.i.PoolingHttpClientConnectionManager - ep-00000000: releasing endpoint
12:54:20.269 [Test worker] DEBUG c.g.d.z.s.o.a.h.c.h.i.i.PoolingHttpClientConnectionManager - ep-00000000: connection http-outgoing-0 can be kept alive for 3 MINUTES
12:54:20.270 [Test worker] DEBUG c.g.d.z.s.o.a.h.c.h.i.i.PoolingHttpClientConnectionManager - ep-00000000: connection released [route: {}->unix://localhost:2375][total available: 1; route allocated: 1 of 2147483647; total allocated: 1 of 2147483647]
12:54:20.271 [Test worker] INFO  o.t.d.DockerClientProviderStrategy - Found Docker environment with local Unix socket (unix:///var/run/docker.sock)
12:54:20.271 [Test worker] DEBUG o.t.d.DockerClientProviderStrategy - Transport type: 'httpclient5', Docker host: 'unix:///var/run/docker.sock'
12:54:20.272 [Test worker] DEBUG o.t.d.DockerClientProviderStrategy - Checking Docker OS type for local Unix socket (unix:///var/run/docker.sock)
12:54:20.280 [Test worker] INFO  o.testcontainers.DockerClientFactory - Docker host IP address is localhost
12:54:20.282 [Test worker] DEBUG o.testcontainers.DockerClientFactory - Docker info: {CDISpecDirs=[], NGoroutines=62, Name=manjaro, Swarm={NodeID=, NodeAddr=, LocalNodeState=inactive, ControlAvailable=false, Error=, RemoteManagers=null}, RuncCommit={ID=, Expected=}, OSVersion=, Runtimes={io.containerd.runc.v2={path=runc}, runc={path=runc}}, ID=6b641704-86c1-4833-bc96-eff1e29cecc8, DriverStatus=[[Backing Filesystem, extfs], [Supports d_type, true], [Using metacopy, true], [Native Overlay Diff, false], [userxattr, false]], BridgeNfIptables=false, LiveRestoreEnabled=false, SystemTime=2026-02-04T12:54:20.105334559+08:00, NoProxy=, Architecture=x86_64, NEventsListener=0, HttpsProxy=http://localhost:7890/, Images=3, ContainersRunning=3, Labels=[], InitCommit={ID=de40ad0, Expected=de40ad0}, NFd=61, KernelVersion=6.1.119-1-MANJARO, LoggingDriver=json-file, OSType=linux, SecurityOptions=[name=apparmor, name=seccomp,profile=builtin, name=cgroupns], ContainerdCommit={ID=207ad711eabd375a01713109a8a197d197ff6542.m, Expected=207ad711eabd375a01713109a8a197d197ff6542.m}, GenericResources=null, OperatingSystem=Manjaro Linux, RegistryConfig={AllowNondistributableArtifactsCIDRs=null, AllowNondistributableArtifactsHostnames=null, InsecureRegistryCIDRs=[127.0.0.0/8], IndexConfigs={docker.io={Name=docker.io, Mirrors=[], Secure=true, Official=true}}, Mirrors=null}, ServerVersion=27.3.1, OomKillDisable=false, CpuCfsQuota=true, Containers=3, Driver=overlay2, IPv4Forwarding=true, ExperimentalBuild=false, DockerRootDir=/var/lib/docker, CPUSet=true, CpuCfsPeriod=true, DefaultRuntime=runc, CPUShares=true, Debug=false, NCPU=20, Plugins={Volume=[local], Network=[bridge, host, ipvlan, macvlan, null, overlay], Authorization=null, Log=[awslogs, fluentd, gcplogs, gelf, journald, json-file, local, splunk, syslog]}, SwapLimit=true, CgroupDriver=systemd, ContainersPaused=0, MemTotal=33491095552, IndexServerAddress=https://index.docker.io/v1/, MemoryLimit=true, HttpProxy=http://localhost:7890/, InitBinary=docker-init, CgroupVersion=2, PidsLimit=true, Isolation=, BridgeNfIp6tables=false, Warnings=[WARNING: bridge-nf-call-iptables is disabled, WARNING: bridge-nf-call-ip6tables is disabled], ContainersStopped=0}
12:54:20.285 [Test worker] DEBUG o.t.s.c.g.d.c.command.AbstrDockerCmd - Cmd: 
12:54:20.287 [Test worker] DEBUG c.g.d.z.s.o.a.h.c.h.i.c.InternalHttpClient - ex-00000002: preparing request execution
12:54:20.296 [Test worker] DEBUG c.g.d.z.s.o.a.h.c.h.p.RequestAddCookies - Cookie spec selected: strict
12:54:20.298 [Test worker] DEBUG c.g.d.z.s.o.a.h.c.h.p.RequestAuthCache - Auth cache not set in the context
12:54:20.298 [Test worker] DEBUG c.g.d.z.s.o.a.h.c.h.i.c.ProtocolExec - ex-00000002: target auth state: UNCHALLENGED
12:54:20.299 [Test worker] DEBUG c.g.d.z.s.o.a.h.c.h.i.c.ProtocolExec - ex-00000002: proxy auth state: UNCHALLENGED
12:54:20.301 [Test worker] DEBUG c.g.d.z.s.o.a.h.c.h.i.c.ConnectExec - ex-00000002: acquiring connection with route {}->unix://localhost:2375
12:54:20.301 [Test worker] DEBUG c.g.d.z.s.o.a.h.c.h.i.c.InternalHttpClient - ex-00000002: acquiring endpoint (3 MINUTES)
12:54:20.302 [Test worker] DEBUG c.g.d.z.s.o.a.h.c.h.i.i.PoolingHttpClientConnectionManager - ex-00000002: endpoint lease request (3 MINUTES) [route: {}->unix://localhost:2375][total available: 1; route allocated: 1 of 2147483647; total allocated: 1 of 2147483647]
12:54:20.302 [Test worker] DEBUG c.g.d.z.s.o.a.h.c.h.i.i.PoolingHttpClientConnectionManager - ex-00000002: endpoint leased [route: {}->unix://localhost:2375][total available: 0; route allocated: 1 of 2147483647; total allocated: 1 of 2147483647]
12:54:20.302 [Test worker] DEBUG c.g.d.z.s.o.a.h.c.h.i.i.PoolingHttpClientConnectionManager - ex-00000002: acquired ep-00000001
12:54:20.302 [Test worker] DEBUG c.g.d.z.s.o.a.h.c.h.i.c.InternalHttpClient - ex-00000002: acquired endpoint ep-00000001
12:54:20.303 [Test worker] DEBUG c.g.d.z.s.o.a.h.c.h.i.c.MainClientExec - ex-00000002: executing GET /v1.32/version HTTP/1.1
12:54:20.303 [Test worker] DEBUG c.g.d.z.s.o.a.h.c.h.i.c.InternalHttpClient - ep-00000001: start execution ex-00000002
12:54:20.303 [Test worker] DEBUG c.g.d.z.s.o.a.h.c.h.i.i.PoolingHttpClientConnectionManager - ep-00000001: executing exchange ex-00000002 over http-outgoing-0
12:54:20.303 [Test worker] DEBUG c.g.d.z.s.o.a.h.client5.http.headers - http-outgoing-0 >> GET /v1.32/version HTTP/1.1
12:54:20.303 [Test worker] DEBUG c.g.d.z.s.o.a.h.client5.http.headers - http-outgoing-0 >> accept: application/json
12:54:20.303 [Test worker] DEBUG c.g.d.z.s.o.a.h.client5.http.headers - http-outgoing-0 >> x-tc-sid: a6f66aad-c2b6-4fef-ad8c-1cdb82b0cc07
12:54:20.303 [Test worker] DEBUG c.g.d.z.s.o.a.h.client5.http.headers - http-outgoing-0 >> User-Agent: tc-java/1.19.7
12:54:20.303 [Test worker] DEBUG c.g.d.z.s.o.a.h.client5.http.headers - http-outgoing-0 >> Accept-Encoding: gzip, x-gzip, deflate
12:54:20.303 [Test worker] DEBUG c.g.d.z.s.o.a.h.client5.http.headers - http-outgoing-0 >> Host: localhost:2375
12:54:20.303 [Test worker] DEBUG c.g.d.z.s.o.a.h.client5.http.headers - http-outgoing-0 >> Connection: keep-alive
12:54:20.304 [Test worker] DEBUG c.g.d.z.s.o.a.hc.client5.http.wire - http-outgoing-0 >> "GET /v1.32/version HTTP/1.1[\r][\n]"
12:54:20.304 [Test worker] DEBUG c.g.d.z.s.o.a.hc.client5.http.wire - http-outgoing-0 >> "accept: application/json[\r][\n]"
12:54:20.304 [Test worker] DEBUG c.g.d.z.s.o.a.hc.client5.http.wire - http-outgoing-0 >> "x-tc-sid: a6f66aad-c2b6-4fef-ad8c-1cdb82b0cc07[\r][\n]"
12:54:20.304 [Test worker] DEBUG c.g.d.z.s.o.a.hc.client5.http.wire - http-outgoing-0 >> "User-Agent: tc-java/1.19.7[\r][\n]"
12:54:20.304 [Test worker] DEBUG c.g.d.z.s.o.a.hc.client5.http.wire - http-outgoing-0 >> "Accept-Encoding: gzip, x-gzip, deflate[\r][\n]"
12:54:20.304 [Test worker] DEBUG c.g.d.z.s.o.a.hc.client5.http.wire - http-outgoing-0 >> "Host: localhost:2375[\r][\n]"
12:54:20.304 [Test worker] DEBUG c.g.d.z.s.o.a.hc.client5.http.wire - http-outgoing-0 >> "Connection: keep-alive[\r][\n]"
12:54:20.304 [Test worker] DEBUG c.g.d.z.s.o.a.hc.client5.http.wire - http-outgoing-0 >> "[\r][\n]"
12:54:20.322 [Test worker] DEBUG c.g.d.z.s.o.a.hc.client5.http.wire - http-outgoing-0 << "HTTP/1.1 200 OK[\r][\n]"
12:54:20.323 [Test worker] DEBUG c.g.d.z.s.o.a.hc.client5.http.wire - http-outgoing-0 << "Api-Version: 1.47[\r][\n]"
12:54:20.323 [Test worker] DEBUG c.g.d.z.s.o.a.hc.client5.http.wire - http-outgoing-0 << "Content-Type: application/json[\r][\n]"
12:54:20.323 [Test worker] DEBUG c.g.d.z.s.o.a.hc.client5.http.wire - http-outgoing-0 << "Docker-Experimental: false[\r][\n]"
12:54:20.323 [Test worker] DEBUG c.g.d.z.s.o.a.hc.client5.http.wire - http-outgoing-0 << "Ostype: linux[\r][\n]"
12:54:20.323 [Test worker] DEBUG c.g.d.z.s.o.a.hc.client5.http.wire - http-outgoing-0 << "Server: Docker/27.3.1 (linux)[\r][\n]"
12:54:20.323 [Test worker] DEBUG c.g.d.z.s.o.a.hc.client5.http.wire - http-outgoing-0 << "Date: Wed, 04 Feb 2026 04:54:20 GMT[\r][\n]"
12:54:20.323 [Test worker] DEBUG c.g.d.z.s.o.a.hc.client5.http.wire - http-outgoing-0 << "Content-Length: 788[\r][\n]"
12:54:20.323 [Test worker] DEBUG c.g.d.z.s.o.a.hc.client5.http.wire - http-outgoing-0 << "[\r][\n]"
12:54:20.323 [Test worker] DEBUG c.g.d.z.s.o.a.hc.client5.http.wire - http-outgoing-0 << "{"Platform":{"Name":""},"Components":[{"Name":"Engine","Version":"27.3.1","Details":{"ApiVersion":"1.47","Arch":"amd64","BuildTime":"2024-09-25T14:43:43.000000000+00:00","Experimental":"false","GitCommit":"41ca978a0a","GoVersion":"go1.23.1","KernelVersion":"6.1.119-1-MANJARO","MinAPIVersion":"1.24","Os":"linux"}},{"Name":"containerd","Version":"v2.0.0","Details":{"GitCommit":"207ad711eabd375a01713109a8a197d197ff6542.m"}},{"Name":"runc","Version":"1.2.2","Details":{"GitCommit":""}},{"Name":"docker-init","Version":"0.19.0","Details":{"GitCommit":"de40ad0"}}],"Version":"27.3.1","ApiVersion":"1.47","MinAPIVersion":"1.24","GitCommit":"41ca978a0a","GoVersion":"go1.23.1","Os":"linux","Arch":"amd64","KernelVersion":"6.1.119-1-MANJARO","BuildTime":"2024-09-25T14:43:43.000000000+00:00"}[\n]"
12:54:20.324 [Test worker] DEBUG c.g.d.z.s.o.a.h.client5.http.headers - http-outgoing-0 << HTTP/1.1 200 OK
12:54:20.324 [Test worker] DEBUG c.g.d.z.s.o.a.h.client5.http.headers - http-outgoing-0 << Api-Version: 1.47
12:54:20.324 [Test worker] DEBUG c.g.d.z.s.o.a.h.client5.http.headers - http-outgoing-0 << Content-Type: application/json
12:54:20.324 [Test worker] DEBUG c.g.d.z.s.o.a.h.client5.http.headers - http-outgoing-0 << Docker-Experimental: false
12:54:20.324 [Test worker] DEBUG c.g.d.z.s.o.a.h.client5.http.headers - http-outgoing-0 << Ostype: linux
12:54:20.324 [Test worker] DEBUG c.g.d.z.s.o.a.h.client5.http.headers - http-outgoing-0 << Server: Docker/27.3.1 (linux)
12:54:20.324 [Test worker] DEBUG c.g.d.z.s.o.a.h.client5.http.headers - http-outgoing-0 << Date: Wed, 04 Feb 2026 04:54:20 GMT
12:54:20.324 [Test worker] DEBUG c.g.d.z.s.o.a.h.client5.http.headers - http-outgoing-0 << Content-Length: 788
12:54:20.325 [Test worker] DEBUG c.g.d.z.s.o.a.h.c.h.i.c.MainClientExec - ex-00000002: connection can be kept alive for 3 MINUTES
12:54:20.341 [Test worker] DEBUG c.g.d.z.s.o.a.h.c.h.i.c.InternalHttpClient - ep-00000001: releasing valid endpoint
12:54:20.343 [Test worker] DEBUG c.g.d.z.s.o.a.h.c.h.i.i.PoolingHttpClientConnectionManager - ep-00000001: releasing endpoint
12:54:20.348 [Test worker] DEBUG c.g.d.z.s.o.a.h.c.h.i.i.PoolingHttpClientConnectionManager - ep-00000001: connection http-outgoing-0 can be kept alive for 3 MINUTES
12:54:20.349 [Test worker] DEBUG c.g.d.z.s.o.a.h.c.h.i.i.PoolingHttpClientConnectionManager - ep-00000001: connection released [route: {}->unix://localhost:2375][total available: 1; route allocated: 1 of 2147483647; total allocated: 1 of 2147483647]
12:54:20.349 [Test worker] DEBUG o.testcontainers.DockerClientFactory - Docker version: {Components=[{Name=Engine, Version=27.3.1, Details={ApiVersion=1.47, Arch=amd64, BuildTime=2024-09-25T14:43:43.000000000+00:00, Experimental=false, GitCommit=41ca978a0a, GoVersion=go1.23.1, KernelVersion=6.1.119-1-MANJARO, MinAPIVersion=1.24, Os=linux}}, {Name=containerd, Version=v2.0.0, Details={GitCommit=207ad711eabd375a01713109a8a197d197ff6542.m}}, {Name=runc, Version=1.2.2, Details={GitCommit=}}, {Name=docker-init, Version=0.19.0, Details={GitCommit=de40ad0}}], KernelVersion=6.1.119-1-MANJARO, ApiVersion=1.47, Platform={Name=}, GitCommit=41ca978a0a, Os=linux, Version=27.3.1, MinAPIVersion=1.24, Arch=amd64, GoVersion=go1.23.1, BuildTime=2024-09-25T14:43:43.000000000+00:00}
12:54:20.359 [Test worker] INFO  o.testcontainers.DockerClientFactory - Connected to docker: 
  Server Version: 27.3.1
  API Version: 1.47
  Operating System: Manjaro Linux
  Total Memory: 31939 MB
12:54:20.371 [Test worker] DEBUG o.t.utility.RyukResourceReaper - Ryuk is enabled but will be started on demand
12:54:20.372 [Test worker] DEBUG o.testcontainers.DockerClientFactory - Checks are enabled
12:54:20.373 [Test worker] INFO  o.testcontainers.DockerClientFactory - Checking the system...
12:54:20.374 [Test worker] INFO  o.testcontainers.DockerClientFactory - ✔︎ Docker server version should be at least 1.6.0
12:54:20.377 [Test worker] DEBUG o.t.u.PrefixingImageNameSubstitutor - No prefix is configured
12:54:20.379 [Test worker] DEBUG o.t.utility.ImageNameSubstitutor - Did not find a substitute image for mongo:7.0 (using image substitutor: DefaultImageNameSubstitutor (composite of 'ConfigurationFileImageNameSubstitutor' and 'PrefixingImageNameSubstitutor'))
12:54:20.383 [Test worker] DEBUG o.t.s.c.g.d.c.command.AbstrDockerCmd - Cmd: ListImagesCmdImpl[filters=org.testcontainers.shaded.com.github.dockerjava.core.util.FiltersBuilder@0,imageNameFilter=<null>,showAll=false]
12:54:20.388 [Test worker] DEBUG c.g.d.z.s.o.a.h.c.h.i.c.InternalHttpClient - ex-00000003: preparing request execution
12:54:20.389 [Test worker] DEBUG c.g.d.z.s.o.a.h.c.h.p.RequestAddCookies - Cookie spec selected: strict
12:54:20.393 [Test worker] DEBUG c.g.d.z.s.o.a.h.c.h.p.RequestAuthCache - Auth cache not set in the context
12:54:20.394 [Test worker] DEBUG c.g.d.z.s.o.a.h.c.h.i.c.ProtocolExec - ex-00000003: target auth state: UNCHALLENGED
12:54:20.396 [Test worker] DEBUG c.g.d.z.s.o.a.h.c.h.i.c.ProtocolExec - ex-00000003: proxy auth state: UNCHALLENGED
12:54:20.396 [Test worker] DEBUG c.g.d.z.s.o.a.h.c.h.i.c.ConnectExec - ex-00000003: acquiring connection with route {}->unix://localhost:2375
12:54:20.398 [Test worker] DEBUG c.g.d.z.s.o.a.h.c.h.i.c.InternalHttpClient - ex-00000003: acquiring endpoint (3 MINUTES)
12:54:20.398 [Test worker] DEBUG c.g.d.z.s.o.a.h.c.h.i.i.PoolingHttpClientConnectionManager - ex-00000003: endpoint lease request (3 MINUTES) [route: {}->unix://localhost:2375][total available: 1; route allocated: 1 of 2147483647; total allocated: 1 of 2147483647]
12:54:20.399 [Test worker] DEBUG c.g.d.z.s.o.a.h.c.h.i.i.PoolingHttpClientConnectionManager - ex-00000003: endpoint leased [route: {}->unix://localhost:2375][total available: 0; route allocated: 1 of 2147483647; total allocated: 1 of 2147483647]
12:54:20.400 [Test worker] DEBUG c.g.d.z.s.o.a.h.c.h.i.i.PoolingHttpClientConnectionManager - ex-00000003: acquired ep-00000002
12:54:20.403 [Test worker] DEBUG c.g.d.z.s.o.a.h.c.h.i.c.InternalHttpClient - ex-00000003: acquired endpoint ep-00000002
12:54:20.403 [Test worker] DEBUG c.g.d.z.s.o.a.h.c.h.i.c.MainClientExec - ex-00000003: executing GET /v1.32/images/json HTTP/1.1
12:54:20.404 [Test worker] DEBUG c.g.d.z.s.o.a.h.c.h.i.c.InternalHttpClient - ep-00000002: start execution ex-00000003
12:54:20.404 [Test worker] DEBUG c.g.d.z.s.o.a.h.c.h.i.i.PoolingHttpClientConnectionManager - ep-00000002: executing exchange ex-00000003 over http-outgoing-0
12:54:20.405 [Test worker] DEBUG c.g.d.z.s.o.a.h.client5.http.headers - http-outgoing-0 >> GET /v1.32/images/json HTTP/1.1
12:54:20.405 [Test worker] DEBUG c.g.d.z.s.o.a.h.client5.http.headers - http-outgoing-0 >> accept: application/json
12:54:20.405 [Test worker] DEBUG c.g.d.z.s.o.a.h.client5.http.headers - http-outgoing-0 >> x-tc-sid: a6f66aad-c2b6-4fef-ad8c-1cdb82b0cc07
12:54:20.405 [Test worker] DEBUG c.g.d.z.s.o.a.h.client5.http.headers - http-outgoing-0 >> User-Agent: tc-java/1.19.7
12:54:20.405 [Test worker] DEBUG c.g.d.z.s.o.a.h.client5.http.headers - http-outgoing-0 >> Accept-Encoding: gzip, x-gzip, deflate
12:54:20.406 [Test worker] DEBUG c.g.d.z.s.o.a.h.client5.http.headers - http-outgoing-0 >> Host: localhost:2375
12:54:20.407 [Test worker] DEBUG c.g.d.z.s.o.a.h.client5.http.headers - http-outgoing-0 >> Connection: keep-alive
12:54:20.407 [Test worker] DEBUG c.g.d.z.s.o.a.hc.client5.http.wire - http-outgoing-0 >> "GET /v1.32/images/json HTTP/1.1[\r][\n]"
12:54:20.407 [Test worker] DEBUG c.g.d.z.s.o.a.hc.client5.http.wire - http-outgoing-0 >> "accept: application/json[\r][\n]"
12:54:20.407 [Test worker] DEBUG c.g.d.z.s.o.a.hc.client5.http.wire - http-outgoing-0 >> "x-tc-sid: a6f66aad-c2b6-4fef-ad8c-1cdb82b0cc07[\r][\n]"
12:54:20.408 [Test worker] DEBUG c.g.d.z.s.o.a.hc.client5.http.wire - http-outgoing-0 >> "User-Agent: tc-java/1.19.7[\r][\n]"
12:54:20.408 [Test worker] DEBUG c.g.d.z.s.o.a.hc.client5.http.wire - http-outgoing-0 >> "Accept-Encoding: gzip, x-gzip, deflate[\r][\n]"
12:54:20.408 [Test worker] DEBUG c.g.d.z.s.o.a.hc.client5.http.wire - http-outgoing-0 >> "Host: localhost:2375[\r][\n]"
12:54:20.408 [Test worker] DEBUG c.g.d.z.s.o.a.hc.client5.http.wire - http-outgoing-0 >> "Connection: keep-alive[\r][\n]"
12:54:20.408 [Test worker] DEBUG c.g.d.z.s.o.a.hc.client5.http.wire - http-outgoing-0 >> "[\r][\n]"
12:54:20.409 [Test worker] DEBUG c.g.d.z.s.o.a.hc.client5.http.wire - http-outgoing-0 << "HTTP/1.1 200 OK[\r][\n]"
12:54:20.410 [Test worker] DEBUG c.g.d.z.s.o.a.hc.client5.http.wire - http-outgoing-0 << "Api-Version: 1.47[\r][\n]"
12:54:20.410 [Test worker] DEBUG c.g.d.z.s.o.a.hc.client5.http.wire - http-outgoing-0 << "Content-Type: application/json[\r][\n]"
12:54:20.410 [Test worker] DEBUG c.g.d.z.s.o.a.hc.client5.http.wire - http-outgoing-0 << "Docker-Experimental: false[\r][\n]"
12:54:20.410 [Test worker] DEBUG c.g.d.z.s.o.a.hc.client5.http.wire - http-outgoing-0 << "Ostype: linux[\r][\n]"
12:54:20.411 [Test worker] DEBUG c.g.d.z.s.o.a.hc.client5.http.wire - http-outgoing-0 << "Server: Docker/27.3.1 (linux)[\r][\n]"
12:54:20.411 [Test worker] DEBUG c.g.d.z.s.o.a.hc.client5.http.wire - http-outgoing-0 << "Date: Wed, 04 Feb 2026 04:54:20 GMT[\r][\n]"
12:54:20.411 [Test worker] DEBUG c.g.d.z.s.o.a.hc.client5.http.wire - http-outgoing-0 << "Content-Length: 1154[\r][\n]"
12:54:20.411 [Test worker] DEBUG c.g.d.z.s.o.a.hc.client5.http.wire - http-outgoing-0 << "[\r][\n]"
12:54:20.411 [Test worker] DEBUG c.g.d.z.s.o.a.hc.client5.http.wire - http-outgoing-0 << "[{"Containers":-1,"Created":1768516452,"Id":"sha256:d626061330ce6cccc8ffdf61bdfcd3f929080070a90e16a0f3cc460393c7d7d4","Labels":{"org.opencontainers.image.ref.name":"ubuntu","org.opencontainers.image.version":"22.04"},"ParentId":"","RepoDigests":["mongo@sha256:4510cf3d7050003e958745adb25d2deb3fb907430716162d9cc1a92eda2a6047"],"RepoTags":["mongo:7.0"],"SharedSize":-1,"Size":844453351,"VirtualSize":844453351},{"Containers":-1,"Created":1709249596,"Id":"sha256:79112eff9c89624d06e0506e6ae01b76c68ec9fdbe2eda0c6f7ae56dae725f41","Labels":{"org.opencontainers.image.ref.name":"ubuntu","org.opencontainers.image.version":"22.04"},"ParentId":"","RepoDigests":["mongo@sha256:019bf5423a08363f253d81a3f16cc6527e7342a7f5420a5ad74663cc2c62d0e7"],"RepoTags":["mongo:latest"],"SharedSize":-1,"Size":756456175,"VirtualSize":756456175},{"Containers":-1,"Created":1704816597,"Id":"sha256:435993df2c8d3a1508114cea2dd12ef4d6cbab5c7238bb8e587f20b18982c834","Labels":null,"ParentId":"","RepoDigests":["redis@sha256:7635b0bfdd7dd8552b4b31d6541fef07b734614045b45a52fd5cc27c9dada9e2"],"RepoTags":["redis:7.2.4-alpine"],"SharedSize":-1,"Size":40984217,"VirtualSize":40984217}][\n]"
12:54:20.413 [Test worker] DEBUG c.g.d.z.s.o.a.h.client5.http.headers - http-outgoing-0 << HTTP/1.1 200 OK
12:54:20.413 [Test worker] DEBUG c.g.d.z.s.o.a.h.client5.http.headers - http-outgoing-0 << Api-Version: 1.47
12:54:20.413 [Test worker] DEBUG c.g.d.z.s.o.a.h.client5.http.headers - http-outgoing-0 << Content-Type: application/json
12:54:20.414 [Test worker] DEBUG c.g.d.z.s.o.a.h.client5.http.headers - http-outgoing-0 << Docker-Experimental: false
12:54:20.414 [Test worker] DEBUG c.g.d.z.s.o.a.h.client5.http.headers - http-outgoing-0 << Ostype: linux
12:54:20.414 [Test worker] DEBUG c.g.d.z.s.o.a.h.client5.http.headers - http-outgoing-0 << Server: Docker/27.3.1 (linux)
12:54:20.414 [Test worker] DEBUG c.g.d.z.s.o.a.h.client5.http.headers - http-outgoing-0 << Date: Wed, 04 Feb 2026 04:54:20 GMT
12:54:20.414 [Test worker] DEBUG c.g.d.z.s.o.a.h.client5.http.headers - http-outgoing-0 << Content-Length: 1154
12:54:20.414 [Test worker] DEBUG c.g.d.z.s.o.a.h.c.h.i.c.MainClientExec - ex-00000003: connection can be kept alive for 3 MINUTES
12:54:20.422 [Test worker] DEBUG c.g.d.z.s.o.a.h.c.h.i.c.InternalHttpClient - ep-00000002: releasing valid endpoint
12:54:20.422 [Test worker] DEBUG c.g.d.z.s.o.a.h.c.h.i.i.PoolingHttpClientConnectionManager - ep-00000002: releasing endpoint
12:54:20.423 [Test worker] DEBUG c.g.d.z.s.o.a.h.c.h.i.i.PoolingHttpClientConnectionManager - ep-00000002: connection http-outgoing-0 can be kept alive for 3 MINUTES
12:54:20.423 [Test worker] DEBUG c.g.d.z.s.o.a.h.c.h.i.i.PoolingHttpClientConnectionManager - ep-00000002: connection released [route: {}->unix://localhost:2375][total available: 1; route allocated: 1 of 2147483647; total allocated: 1 of 2147483647]
12:54:20.426 [Test worker] DEBUG o.t.images.AbstractImagePullPolicy - Using locally available and not pulling image: mongo:7.0
12:54:20.427 [Test worker] DEBUG tc.mongo:7.0 - Starting container: mongo:7.0
12:54:20.429 [Test worker] DEBUG tc.mongo:7.0 - Trying to start container: mongo:7.0 (attempt 1/1)
12:54:20.429 [Test worker] DEBUG tc.mongo:7.0 - Starting container: mongo:7.0
12:54:20.430 [Test worker] INFO  tc.mongo:7.0 - Creating container for image: mongo:7.0
12:54:20.438 [Test worker] DEBUG o.t.utility.RegistryAuthLocator - Looking up auth config for image: mongo:7.0 at registry: https://index.docker.io/v1/
12:54:20.439 [Test worker] DEBUG o.t.utility.RegistryAuthLocator - RegistryAuthLocator has configFile: /home/maxuefeng/.docker/config.json (exists) configEnv: DOCKER_AUTH_CONFIG (does not exist) and commandPathPrefix: 
12:54:20.439 [Test worker] DEBUG o.t.utility.RegistryAuthLocator - RegistryAuthLocator reading from configFile: /home/maxuefeng/.docker/config.json
12:54:20.440 [Test worker] DEBUG o.t.utility.RegistryAuthLocator - registryName [https://index.docker.io/v1/] for dockerImageName [mongo:7.0]
12:54:20.445 [Test worker] DEBUG o.t.utility.RegistryAuthLocator - found existing auth config [AuthConfig{username=voyagerma, password=hidden non-blank value, auth=hidden non-blank value, email=null, registryAddress=https://index.docker.io/v1/, registryToken=blank}]
12:54:20.445 [Test worker] DEBUG o.t.utility.RegistryAuthLocator - Cached auth found: [AuthConfig{username=voyagerma, password=hidden non-blank value, auth=hidden non-blank value, email=null, registryAddress=https://index.docker.io/v1/, registryToken=blank}]
12:54:20.446 [Test worker] DEBUG o.t.d.AuthDelegatingDockerClientConfig - Effective auth config [AuthConfig{username=voyagerma, password=hidden non-blank value, auth=hidden non-blank value, email=null, registryAddress=https://index.docker.io/v1/, registryToken=blank}]
12:54:20.605 [Test worker] DEBUG o.t.s.c.g.d.c.command.AbstrDockerCmd - Cmd: <null>,org.testcontainers.shaded.com.github.dockerjava.core.util.FiltersBuilder@c4fb7f08,1,false,<null>,<null>
12:54:20.631 [Test worker] DEBUG c.g.d.z.s.o.a.h.c.h.i.c.InternalHttpClient - ex-00000004: preparing request execution
12:54:20.632 [Test worker] DEBUG c.g.d.z.s.o.a.h.c.h.p.RequestAddCookies - Cookie spec selected: strict
12:54:20.633 [Test worker] DEBUG c.g.d.z.s.o.a.h.c.h.p.RequestAuthCache - Auth cache not set in the context
12:54:20.634 [Test worker] DEBUG c.g.d.z.s.o.a.h.c.h.i.c.ProtocolExec - ex-00000004: target auth state: UNCHALLENGED
12:54:20.634 [Test worker] DEBUG c.g.d.z.s.o.a.h.c.h.i.c.ProtocolExec - ex-00000004: proxy auth state: UNCHALLENGED
12:54:20.635 [Test worker] DEBUG c.g.d.z.s.o.a.h.c.h.i.c.ConnectExec - ex-00000004: acquiring connection with route {}->unix://localhost:2375
12:54:20.644 [Test worker] DEBUG c.g.d.z.s.o.a.h.c.h.i.c.InternalHttpClient - ex-00000004: acquiring endpoint (3 MINUTES)
12:54:20.645 [Test worker] DEBUG c.g.d.z.s.o.a.h.c.h.i.i.PoolingHttpClientConnectionManager - ex-00000004: endpoint lease request (3 MINUTES) [route: {}->unix://localhost:2375][total available: 1; route allocated: 1 of 2147483647; total allocated: 1 of 2147483647]
12:54:20.646 [Test worker] DEBUG c.g.d.z.s.o.a.h.c.h.i.i.PoolingHttpClientConnectionManager - ex-00000004: endpoint leased [route: {}->unix://localhost:2375][total available: 0; route allocated: 1 of 2147483647; total allocated: 1 of 2147483647]
12:54:20.646 [Test worker] DEBUG c.g.d.z.s.o.a.h.c.h.i.i.PoolingHttpClientConnectionManager - ex-00000004: acquired ep-00000003
12:54:20.646 [Test worker] DEBUG c.g.d.z.s.o.a.h.c.h.i.c.InternalHttpClient - ex-00000004: acquired endpoint ep-00000003
12:54:20.650 [Test worker] DEBUG c.g.d.z.s.o.a.h.c.h.i.c.MainClientExec - ex-00000004: executing GET /v1.32/containers/json?limit=1&filters=%7B%22label%22%3A%5B%22org.testcontainers.hash%3D902d8f9de433edf67fce8b71903f37434c0c0e67%22%5D%2C%22status%22%3A%5B%22running%22%5D%7D HTTP/1.1
12:54:20.651 [Test worker] DEBUG c.g.d.z.s.o.a.h.c.h.i.c.InternalHttpClient - ep-00000003: start execution ex-00000004
12:54:20.651 [Test worker] DEBUG c.g.d.z.s.o.a.h.c.h.i.i.PoolingHttpClientConnectionManager - ep-00000003: executing exchange ex-00000004 over http-outgoing-0
12:54:20.652 [Test worker] DEBUG c.g.d.z.s.o.a.h.client5.http.headers - http-outgoing-0 >> GET /v1.32/containers/json?limit=1&filters=%7B%22label%22%3A%5B%22org.testcontainers.hash%3D902d8f9de433edf67fce8b71903f37434c0c0e67%22%5D%2C%22status%22%3A%5B%22running%22%5D%7D HTTP/1.1
12:54:20.652 [Test worker] DEBUG c.g.d.z.s.o.a.h.client5.http.headers - http-outgoing-0 >> accept: application/json
12:54:20.652 [Test worker] DEBUG c.g.d.z.s.o.a.h.client5.http.headers - http-outgoing-0 >> x-tc-sid: a6f66aad-c2b6-4fef-ad8c-1cdb82b0cc07
12:54:20.652 [Test worker] DEBUG c.g.d.z.s.o.a.h.client5.http.headers - http-outgoing-0 >> User-Agent: tc-java/1.19.7
12:54:20.652 [Test worker] DEBUG c.g.d.z.s.o.a.h.client5.http.headers - http-outgoing-0 >> Accept-Encoding: gzip, x-gzip, deflate
12:54:20.652 [Test worker] DEBUG c.g.d.z.s.o.a.h.client5.http.headers - http-outgoing-0 >> Host: localhost:2375
12:54:20.652 [Test worker] DEBUG c.g.d.z.s.o.a.h.client5.http.headers - http-outgoing-0 >> Connection: keep-alive
12:54:20.652 [Test worker] DEBUG c.g.d.z.s.o.a.hc.client5.http.wire - http-outgoing-0 >> "GET /v1.32/containers/json?limit=1&filters=%7B%22label%22%3A%5B%22org.testcontainers.hash%3D902d8f9de433edf67fce8b71903f37434c0c0e67%22%5D%2C%22status%22%3A%5B%22running%22%5D%7D HTTP/1.1[\r][\n]"
12:54:20.652 [Test worker] DEBUG c.g.d.z.s.o.a.hc.client5.http.wire - http-outgoing-0 >> "accept: application/json[\r][\n]"
12:54:20.652 [Test worker] DEBUG c.g.d.z.s.o.a.hc.client5.http.wire - http-outgoing-0 >> "x-tc-sid: a6f66aad-c2b6-4fef-ad8c-1cdb82b0cc07[\r][\n]"
12:54:20.652 [Test worker] DEBUG c.g.d.z.s.o.a.hc.client5.http.wire - http-outgoing-0 >> "User-Agent: tc-java/1.19.7[\r][\n]"
12:54:20.652 [Test worker] DEBUG c.g.d.z.s.o.a.hc.client5.http.wire - http-outgoing-0 >> "Accept-Encoding: gzip, x-gzip, deflate[\r][\n]"
12:54:20.652 [Test worker] DEBUG c.g.d.z.s.o.a.hc.client5.http.wire - http-outgoing-0 >> "Host: localhost:2375[\r][\n]"
12:54:20.652 [Test worker] DEBUG c.g.d.z.s.o.a.hc.client5.http.wire - http-outgoing-0 >> "Connection: keep-alive[\r][\n]"
12:54:20.652 [Test worker] DEBUG c.g.d.z.s.o.a.hc.client5.http.wire - http-outgoing-0 >> "[\r][\n]"
12:54:20.656 [Test worker] DEBUG c.g.d.z.s.o.a.hc.client5.http.wire - http-outgoing-0 << "HTTP/1.1 200 OK[\r][\n]"
12:54:20.657 [Test worker] DEBUG c.g.d.z.s.o.a.hc.client5.http.wire - http-outgoing-0 << "Api-Version: 1.47[\r][\n]"
12:54:20.660 [Test worker] DEBUG c.g.d.z.s.o.a.hc.client5.http.wire - http-outgoing-0 << "Content-Type: application/json[\r][\n]"
12:54:20.660 [Test worker] DEBUG c.g.d.z.s.o.a.hc.client5.http.wire - http-outgoing-0 << "Docker-Experimental: false[\r][\n]"
12:54:20.660 [Test worker] DEBUG c.g.d.z.s.o.a.hc.client5.http.wire - http-outgoing-0 << "Ostype: linux[\r][\n]"
12:54:20.660 [Test worker] DEBUG c.g.d.z.s.o.a.hc.client5.http.wire - http-outgoing-0 << "Server: Docker/27.3.1 (linux)[\r][\n]"
12:54:20.660 [Test worker] DEBUG c.g.d.z.s.o.a.hc.client5.http.wire - http-outgoing-0 << "Date: Wed, 04 Feb 2026 04:54:20 GMT[\r][\n]"
12:54:20.660 [Test worker] DEBUG c.g.d.z.s.o.a.hc.client5.http.wire - http-outgoing-0 << "Content-Length: 1698[\r][\n]"
12:54:20.661 [Test worker] DEBUG c.g.d.z.s.o.a.hc.client5.http.wire - http-outgoing-0 << "[\r][\n]"
12:54:20.661 [Test worker] DEBUG c.g.d.z.s.o.a.hc.client5.http.wire - http-outgoing-0 << "[{"Id":"235eb721ed6895e93bed9b4c5e879de66986587e1925773235cc72e1e72e64b9","Names":["/atoma-test-mongodb"],"Image":"mongo:7.0","ImageID":"sha256:d626061330ce6cccc8ffdf61bdfcd3f929080070a90e16a0f3cc460393c7d7d4","Command":"docker-entrypoint.sh --replSet docker-rs","Created":1769067837,"Ports":[{"IP":"0.0.0.0","PrivatePort":27017,"PublicPort":32768,"Type":"tcp"},{"IP":"::","PrivatePort":27017,"PublicPort":32768,"Type":"tcp"}],"Labels":{"org.opencontainers.image.ref.name":"ubuntu","org.opencontainers.image.version":"22.04","org.testcontainers":"true","org.testcontainers.copied_files.hash":"1","org.testcontainers.hash":"902d8f9de433edf67fce8b71903f37434c0c0e67","org.testcontainers.lang":"java","org.testcontainers.version":"1.19.7","project":"atoma-test","testcontainers.reuse":"true"},"State":"running","Status":"Up 3 hours","HostConfig":{"NetworkMode":"bridge"},"NetworkSettings":{"Networks":{"bridge":{"IPAMConfig":null,"Links":null,"Aliases":null,"MacAddress":"02:42:ac:11:00:03","DriverOpts":null,"NetworkID":"fbdfe581299352cdd60cb01b87adbf56ba02acbf077bf6818138b9955c644c9a","EndpointID":"9e3efe6908425dc19ebce569b7590ec715f9b8f9b1ab99527669fb02f582227a","Gateway":"172.17.0.1","IPAddress":"172.17.0.3","IPPrefixLen":16,"IPv6Gateway":"","GlobalIPv6Address":"","GlobalIPv6PrefixLen":0,"DNSNames":null}}},"Mounts":[{"Type":"volume","Name":"d7868010e2bc47cf5531b35df06b1990ad5e603e28f93e225db46f05036285dd","Source":"","Destination":"/data/configdb","Driver":"local","Mode":"","RW":true,"Propagation":""},{"Type":"volume","Name":"30b66539c98e97e01653996d4a4b35fba19d0feeb34edefded4391178294fa44","Source":"","Destination":"/data/db","Driver":"local","Mode":"","RW":true,"Propagation":""}]}][\n]"
12:54:20.661 [Test worker] DEBUG c.g.d.z.s.o.a.h.client5.http.headers - http-outgoing-0 << HTTP/1.1 200 OK
12:54:20.663 [Test worker] DEBUG c.g.d.z.s.o.a.h.client5.http.headers - http-outgoing-0 << Api-Version: 1.47
12:54:20.664 [Test worker] DEBUG c.g.d.z.s.o.a.h.client5.http.headers - http-outgoing-0 << Content-Type: application/json
12:54:20.664 [Test worker] DEBUG c.g.d.z.s.o.a.h.client5.http.headers - http-outgoing-0 << Docker-Experimental: false
12:54:20.664 [Test worker] DEBUG c.g.d.z.s.o.a.h.client5.http.headers - http-outgoing-0 << Ostype: linux
12:54:20.664 [Test worker] DEBUG c.g.d.z.s.o.a.h.client5.http.headers - http-outgoing-0 << Server: Docker/27.3.1 (linux)
12:54:20.664 [Test worker] DEBUG c.g.d.z.s.o.a.h.client5.http.headers - http-outgoing-0 << Date: Wed, 04 Feb 2026 04:54:20 GMT
12:54:20.664 [Test worker] DEBUG c.g.d.z.s.o.a.h.client5.http.headers - http-outgoing-0 << Content-Length: 1698
12:54:20.664 [Test worker] DEBUG c.g.d.z.s.o.a.h.c.h.i.c.MainClientExec - ex-00000004: connection can be kept alive for 3 MINUTES
12:54:20.723 [Test worker] DEBUG c.g.d.z.s.o.a.h.c.h.i.c.InternalHttpClient - ep-00000003: releasing valid endpoint
12:54:20.723 [Test worker] DEBUG c.g.d.z.s.o.a.h.c.h.i.i.PoolingHttpClientConnectionManager - ep-00000003: releasing endpoint
12:54:20.723 [Test worker] DEBUG c.g.d.z.s.o.a.h.c.h.i.i.PoolingHttpClientConnectionManager - ep-00000003: connection http-outgoing-0 can be kept alive for 3 MINUTES
12:54:20.723 [Test worker] DEBUG c.g.d.z.s.o.a.h.c.h.i.i.PoolingHttpClientConnectionManager - ep-00000003: connection released [route: {}->unix://localhost:2375][total available: 1; route allocated: 1 of 2147483647; total allocated: 1 of 2147483647]
12:54:20.724 [Test worker] INFO  tc.mongo:7.0 - Reusing container with ID: 235eb721ed6895e93bed9b4c5e879de66986587e1925773235cc72e1e72e64b9 and hash: 902d8f9de433edf67fce8b71903f37434c0c0e67
12:54:20.727 [Test worker] INFO  tc.mongo:7.0 - Reusing existing container (235eb721ed6895e93bed9b4c5e879de66986587e1925773235cc72e1e72e64b9) and not creating a new one
12:54:20.745 [Test worker] DEBUG o.t.s.c.g.d.c.command.AbstrDockerCmd - Cmd: 235eb721ed6895e93bed9b4c5e879de66986587e1925773235cc72e1e72e64b9,false
12:54:20.747 [Test worker] DEBUG o.t.s.c.g.d.c.e.InspectContainerCmdExec - GET: DefaultWebTarget{path=[/containers/235eb721ed6895e93bed9b4c5e879de66986587e1925773235cc72e1e72e64b9/json], queryParams={}}
12:54:20.752 [Test worker] DEBUG c.g.d.z.s.o.a.h.c.h.i.c.InternalHttpClient - ex-00000005: preparing request execution
12:54:20.753 [Test worker] DEBUG c.g.d.z.s.o.a.h.c.h.p.RequestAddCookies - Cookie spec selected: strict
12:54:20.755 [Test worker] DEBUG c.g.d.z.s.o.a.h.c.h.p.RequestAuthCache - Auth cache not set in the context
12:54:20.756 [Test worker] DEBUG c.g.d.z.s.o.a.h.c.h.i.c.ProtocolExec - ex-00000005: target auth state: UNCHALLENGED
12:54:20.757 [Test worker] DEBUG c.g.d.z.s.o.a.h.c.h.i.c.ProtocolExec - ex-00000005: proxy auth state: UNCHALLENGED
12:54:20.757 [Test worker] DEBUG c.g.d.z.s.o.a.h.c.h.i.c.ConnectExec - ex-00000005: acquiring connection with route {}->unix://localhost:2375
12:54:20.758 [Test worker] DEBUG c.g.d.z.s.o.a.h.c.h.i.c.InternalHttpClient - ex-00000005: acquiring endpoint (3 MINUTES)
12:54:20.759 [Test worker] DEBUG c.g.d.z.s.o.a.h.c.h.i.i.PoolingHttpClientConnectionManager - ex-00000005: endpoint lease request (3 MINUTES) [route: {}->unix://localhost:2375][total available: 1; route allocated: 1 of 2147483647; total allocated: 1 of 2147483647]
12:54:20.759 [Test worker] DEBUG c.g.d.z.s.o.a.h.c.h.i.i.PoolingHttpClientConnectionManager - ex-00000005: endpoint leased [route: {}->unix://localhost:2375][total available: 0; route allocated: 1 of 2147483647; total allocated: 1 of 2147483647]
12:54:20.760 [Test worker] DEBUG c.g.d.z.s.o.a.h.c.h.i.i.PoolingHttpClientConnectionManager - ex-00000005: acquired ep-00000004
12:54:20.760 [Test worker] DEBUG c.g.d.z.s.o.a.h.c.h.i.c.InternalHttpClient - ex-00000005: acquired endpoint ep-00000004
12:54:20.761 [Test worker] DEBUG c.g.d.z.s.o.a.h.c.h.i.c.MainClientExec - ex-00000005: executing GET /v1.32/containers/235eb721ed6895e93bed9b4c5e879de66986587e1925773235cc72e1e72e64b9/json HTTP/1.1
12:54:20.761 [Test worker] DEBUG c.g.d.z.s.o.a.h.c.h.i.c.InternalHttpClient - ep-00000004: start execution ex-00000005
12:54:20.761 [Test worker] DEBUG c.g.d.z.s.o.a.h.c.h.i.i.PoolingHttpClientConnectionManager - ep-00000004: executing exchange ex-00000005 over http-outgoing-0
12:54:20.762 [Test worker] DEBUG c.g.d.z.s.o.a.h.client5.http.headers - http-outgoing-0 >> GET /v1.32/containers/235eb721ed6895e93bed9b4c5e879de66986587e1925773235cc72e1e72e64b9/json HTTP/1.1
12:54:20.762 [Test worker] DEBUG c.g.d.z.s.o.a.h.client5.http.headers - http-outgoing-0 >> accept: application/json
12:54:20.762 [Test worker] DEBUG c.g.d.z.s.o.a.h.client5.http.headers - http-outgoing-0 >> x-tc-sid: a6f66aad-c2b6-4fef-ad8c-1cdb82b0cc07
12:54:20.763 [Test worker] DEBUG c.g.d.z.s.o.a.h.client5.http.headers - http-outgoing-0 >> User-Agent: tc-java/1.19.7
12:54:20.763 [Test worker] DEBUG c.g.d.z.s.o.a.h.client5.http.headers - http-outgoing-0 >> Accept-Encoding: gzip, x-gzip, deflate
12:54:20.764 [Test worker] DEBUG c.g.d.z.s.o.a.h.client5.http.headers - http-outgoing-0 >> Host: localhost:2375
12:54:20.764 [Test worker] DEBUG c.g.d.z.s.o.a.h.client5.http.headers - http-outgoing-0 >> Connection: keep-alive
12:54:20.764 [Test worker] DEBUG c.g.d.z.s.o.a.hc.client5.http.wire - http-outgoing-0 >> "GET /v1.32/containers/235eb721ed6895e93bed9b4c5e879de66986587e1925773235cc72e1e72e64b9/json HTTP/1.1[\r][\n]"
12:54:20.765 [Test worker] DEBUG c.g.d.z.s.o.a.hc.client5.http.wire - http-outgoing-0 >> "accept: application/json[\r][\n]"
12:54:20.766 [Test worker] DEBUG c.g.d.z.s.o.a.hc.client5.http.wire - http-outgoing-0 >> "x-tc-sid: a6f66aad-c2b6-4fef-ad8c-1cdb82b0cc07[\r][\n]"
12:54:20.766 [Test worker] DEBUG c.g.d.z.s.o.a.hc.client5.http.wire - http-outgoing-0 >> "User-Agent: tc-java/1.19.7[\r][\n]"
12:54:20.766 [Test worker] DEBUG c.g.d.z.s.o.a.hc.client5.http.wire - http-outgoing-0 >> "Accept-Encoding: gzip, x-gzip, deflate[\r][\n]"
12:54:20.767 [Test worker] DEBUG c.g.d.z.s.o.a.hc.client5.http.wire - http-outgoing-0 >> "Host: localhost:2375[\r][\n]"
12:54:20.770 [Test worker] DEBUG c.g.d.z.s.o.a.hc.client5.http.wire - http-outgoing-0 >> "Connection: keep-alive[\r][\n]"
12:54:20.771 [Test worker] DEBUG c.g.d.z.s.o.a.hc.client5.http.wire - http-outgoing-0 >> "[\r][\n]"
12:54:20.775 [Test worker] DEBUG c.g.d.z.s.o.a.hc.client5.http.wire - http-outgoing-0 << "HTTP/1.1 200 OK[\r][\n]"
12:54:20.776 [Test worker] DEBUG c.g.d.z.s.o.a.hc.client5.http.wire - http-outgoing-0 << "Api-Version: 1.47[\r][\n]"
12:54:20.777 [Test worker] DEBUG c.g.d.z.s.o.a.hc.client5.http.wire - http-outgoing-0 << "Content-Type: application/json[\r][\n]"
12:54:20.778 [Test worker] DEBUG c.g.d.z.s.o.a.hc.client5.http.wire - http-outgoing-0 << "Docker-Experimental: false[\r][\n]"
12:54:20.778 [Test worker] DEBUG c.g.d.z.s.o.a.hc.client5.http.wire - http-outgoing-0 << "Ostype: linux[\r][\n]"
12:54:20.778 [Test worker] DEBUG c.g.d.z.s.o.a.hc.client5.http.wire - http-outgoing-0 << "Server: Docker/27.3.1 (linux)[\r][\n]"
12:54:20.778 [Test worker] DEBUG c.g.d.z.s.o.a.hc.client5.http.wire - http-outgoing-0 << "Date: Wed, 04 Feb 2026 04:54:20 GMT[\r][\n]"
12:54:20.778 [Test worker] DEBUG c.g.d.z.s.o.a.hc.client5.http.wire - http-outgoing-0 << "Transfer-Encoding: chunked[\r][\n]"
12:54:20.778 [Test worker] DEBUG c.g.d.z.s.o.a.hc.client5.http.wire - http-outgoing-0 << "[\r][\n]"
12:54:20.778 [Test worker] DEBUG c.g.d.z.s.o.a.hc.client5.http.wire - http-outgoing-0 << "19f2[\r][\n]"
12:54:20.779 [Test worker] DEBUG c.g.d.z.s.o.a.hc.client5.http.wire - http-outgoing-0 << "{"Id":"235eb721ed6895e93bed9b4c5e879de66986587e1925773235cc72e1e72e64b9","Created":"2026-01-22T07:43:57.157079606Z","Path":"docker-entrypoint.sh","Args":["--replSet","docker-rs"],"State":{"Status":"running","Running":true,"Paused":false,"Restarting":false,"OOMKilled":false,"Dead":false,"Pid":3565,"ExitCode":0,"Error":"","StartedAt":"2026-02-04T02:12:06.887488815Z","FinishedAt":"2026-02-03T14:37:22.38753111Z"},"Image":"sha256:d626061330ce6cccc8ffdf61bdfcd3f929080070a90e16a0f3cc460393c7d7d4","ResolvConfPath":"/var/lib/docker/containers/235eb721ed6895e93bed9b4c5e879de66986587e1925773235cc72e1e72e64b9/resolv.conf","HostnamePath":"/var/lib/docker/containers/235eb721ed6895e93bed9b4c5e879de66986587e1925773235cc72e1e72e64b9/hostname","HostsPath":"/var/lib/docker/containers/235eb721ed6895e93bed9b4c5e879de66986587e1925773235cc72e1e72e64b9/hosts","LogPath":"/var/lib/docker/containers/235eb721ed6895e93bed9b4c5e879de66986587e1925773235cc72e1e72e64b9/235eb721ed6895e93bed9b4c5e879de66986587e1925773235cc72e1e72e64b9-json.log","Name":"/atoma-test-mongodb","RestartCount":0,"Driver":"overlay2","Platform":"linux","MountLabel":"","ProcessLabel":"","AppArmorProfile":"docker-default","ExecIDs":null,"HostConfig":{"Binds":[],"ContainerIDFile":"","LogConfig":{"Type":"json-file","Config":{}},"NetworkMode":"bridge","PortBindings":{"27017/tcp":[{"HostIp":"","HostPort":""}]},"RestartPolicy":{"Name":"no","MaximumRetryCount":0},"AutoRemove":false,"VolumeDriver":"","VolumesFrom":[],"ConsoleSize":[0,0],"CapAdd":null,"CapDrop":null,"CgroupnsMode":"private","Dns":[],"DnsOptions":[],"DnsSearch":[],"ExtraHosts":[],"GroupAdd":null,"IpcMode":"shareable","Cgroup":"","Links":null,"OomScoreAdj":0,"PidMode":"","Privileged":false,"PublishAllPorts":false,"ReadonlyRootfs":false,"SecurityOpt":null,"UTSMode":"","UsernsMode":"","ShmSize":67108864,"Runtime":"runc","Isolation":"","CpuShares":0,"Memory":0,"NanoCpus":0,"CgroupParent":"","BlkioWeight":0,"BlkioWeightDevice":null,"BlkioDeviceReadBps":null,"BlkioDeviceWriteBps":null,"BlkioDeviceReadIOps":null,"BlkioDeviceWriteIOps":null,"CpuPeriod":0,"CpuQuota":0,"CpuRealtimePeriod":0,"CpuRealtimeRuntime":0,"CpusetCpus":"","CpusetMems":"","Devices":null,"DeviceCgroupRules":null,"DeviceRequests":null,"MemoryReservation":0,"MemorySwap":0,"MemorySwappiness":null,"OomKillDisable":null,"PidsLimit":null,"Ulimits":null,"CpuCount":0,"CpuPercent":0,"IOMaximumIOps":0,"IOMaximumBandwidth":0,"MaskedPaths":["/proc/asound","/proc/acpi","/proc/kcore","/proc/keys","/proc/latency_stats","/proc/timer_list","/proc/timer_stats","/proc/sched_debug","/proc/scsi","/sys/firmware","/sys/devices/virtual/powercap"],"ReadonlyPaths":["/proc/bus","/proc/fs","/proc/irq","/proc/sys","/proc/sysrq-trigger"]},"GraphDriver":{"Data":{"LowerDir":"/var/lib/docker/overlay2/86a9cfddf235e4db0d3e2cdc6f316f4abe42e2b05310ba21704593fce84b5cd6-init/diff:/var/lib/docker/overlay2/194cc51ef769985be05abedfac4d764872d08ab80db679aff197175ed74259a9/diff:/var/lib/docker/overlay2/74929480fd87db2a6332fb0bfb105e7cb74f3b9077b2f16431d2f1a445092d51/diff:/var/lib/docker/overlay2/08d865aee4375fd29a091984cdd6478b741dee6f10efcbcb0233f2ecd5766aac/diff:/var/lib/docker/overlay2/4503342c24d99395f879e1809f00823dc4c3c5121c55193c3c823c9f36fd8e46/diff:/var/lib/docker/overlay2/2e71ba478e30b0f60ec9920d675b1a9947a42ca4076854d6bf3181717bbeead7/diff:/var/lib/docker/overlay2/3d7a9ba53afccbee3eaebd7270a5a71bda61435b6a1cb95a6a873220434f72c0/diff:/var/lib/docker/overlay2/ad836c250a24cfdd5706b0a5519f2176ba995edf5ac838ed4bc3571c47adb8c2/diff:/var/lib/docker/overlay2/4b8bb69409778e837b082f57afad60f03504a6a17bcb058d1bf88f5544029aeb/diff","MergedDir":"/var/lib/docker/overlay2/86a9cfddf235e4db0d3e2cdc6f316f4abe42e2b05310ba21704593fce84b5cd6/merged","UpperDir":"/var/lib/docker/overlay2/86a9cfddf235e4db0d3e2cdc6f316f4abe42e2b05310ba21704593fce84b5cd6/diff","WorkDir":"/var/lib/docker/overlay2/86a9cfddf235e4db0d3e2cdc6f316f4abe42e2b05310ba21704593fce84b5cd6/work"},"Name":"overlay2"},"Mounts":[{"Type":"volume","Name":"d7868010e2bc47cf5531b35df06b1990ad5e603e28f93e225db46f05036285dd","Source":"/var/lib/docker/volumes/d7868010e2bc47cf5531b35df06b1990ad5e603e28f93e225db46f05036285dd/_data","Destination":"/data/configdb","Driver":"local","Mode":"","RW":true,"Propagation":""},{"Type":"volume","Name":"30b66539c98e97e01653996d4a4b35fba19d0feeb34edefded4391178294fa44","Source":"/var/lib/docker/volumes/30b66539c98e97e01653996d4a4b35fba19d0feeb34edefded4391178294fa44/_data","Destination":"/data/db","Driver":"local","Mode":"","RW":true,"Propagation":""}],"Config":{"Hostname":"235eb721ed68","Domainname":"","User":"","AttachStdin":false,"AttachStdout":false,"AttachStderr":false,"ExposedPorts":{"27017/tcp":{}},"Tty":false,"OpenStdin":false,"StdinOnce":false,"Env":["PATH=/usr/local/sbin:/usr/local/bin:/usr/sbin:/usr/bin:/sbin:/bin","GOSU_VERSION=1.19","JSYAML_VERSION=3.13.1","JSYAML_CHECKSUM=662e32319bdd378e91f67578e56a34954b0a2e33aca11d70ab9f4826af24b941","MONGO_PACKAGE=mongodb-org","MONGO_REPO=repo.mongodb.org","MONGO_MAJOR=7.0","MONGO_VERSION=7.0.28","HOME=/data/db"],"Cmd":["--replSet","docker-rs"],"Image":"mongo:7.0","Volumes":{"/data/configdb":{},"/data/db":{}},"WorkingDir":"","Entrypoint":["docker-entrypoint.sh"],"OnBuild":null,"Labels":{"org.opencontainers.image.ref.name":"ubuntu","org.opencontainers.image.version":"22.04","org.testcontainers":"true","org.testcontainers.copied_files.hash":"1","org.testcontainers.hash":"902d8f9de433edf67fce8b71903f37434c0c0e67","org.testcontainers.lang":"java","org.testcontainers.version":"1.19.7","project":"atoma-test","testcontainers.reuse":"true"}},"NetworkSettings":{"Bridge":"","SandboxID":"6cd799870204b87421a4fb660f65c0ded1c3cdd8c6d08e649345ec600821d5e7","SandboxKey":"/var/run/docker/netns/6cd799870204","Ports":{"27017/tcp":[{"HostIp":"0.0.0.0","HostPort":"32768"},{"HostIp":"::","HostPort":"32768"}]},"HairpinMode":false,"LinkLocalIPv6Address":"","LinkLocalIPv6PrefixLen":0,"SecondaryIPAddresses":null,"SecondaryIPv6Addresses":null,"EndpointID":"9e3efe6908425dc19ebce569b7590ec715f9b8f9b1ab99527669fb02f582227a","Gateway":"172.17.0.1","GlobalIPv6Address":"","GlobalIPv6PrefixLen":0,"IPAddress":"172.17.0.3","IPPrefixLen":16,"IPv6Gateway":"","MacAddress":"02:42:ac:11:00:03","Networks":{"bridge":{"IPAMConfig":null,"Links":null,"Aliases":null,"MacAddress":"02:42:ac:11:00:03","DriverOpts":null,"NetworkID":"fbdfe581299352cdd60cb01b87adbf56ba02acbf077bf6818138b9955c644c9a","EndpointID":"9e3efe6908425dc19ebce569b7590ec715f9b8f9b1ab99527669fb02f582227a","Gateway":"172.17.0.1","IPAddress":"172.17.0.3","IPPrefixLen":16,"IPv6Gateway":"","GlobalIPv6Address":"","GlobalIPv6PrefixLen":0,"DNSNames":null}}}}[\n]"
12:54:20.779 [Test worker] DEBUG c.g.d.z.s.o.a.hc.client5.http.wire - http-outgoing-0 << "[\r][\n]"
12:54:20.779 [Test worker] DEBUG c.g.d.z.s.o.a.hc.client5.http.wire - http-outgoing-0 << "0[\r][\n]"
12:54:20.779 [Test worker] DEBUG c.g.d.z.s.o.a.hc.client5.http.wire - http-outgoing-0 << "[\r][\n]"
12:54:20.779 [Test worker] DEBUG c.g.d.z.s.o.a.h.client5.http.headers - http-outgoing-0 << HTTP/1.1 200 OK
12:54:20.779 [Test worker] DEBUG c.g.d.z.s.o.a.h.client5.http.headers - http-outgoing-0 << Api-Version: 1.47
12:54:20.779 [Test worker] DEBUG c.g.d.z.s.o.a.h.client5.http.headers - http-outgoing-0 << Content-Type: application/json
12:54:20.779 [Test worker] DEBUG c.g.d.z.s.o.a.h.client5.http.headers - http-outgoing-0 << Docker-Experimental: false
12:54:20.779 [Test worker] DEBUG c.g.d.z.s.o.a.h.client5.http.headers - http-outgoing-0 << Ostype: linux
12:54:20.779 [Test worker] DEBUG c.g.d.z.s.o.a.h.client5.http.headers - http-outgoing-0 << Server: Docker/27.3.1 (linux)
12:54:20.779 [Test worker] DEBUG c.g.d.z.s.o.a.h.client5.http.headers - http-outgoing-0 << Date: Wed, 04 Feb 2026 04:54:20 GMT
12:54:20.779 [Test worker] DEBUG c.g.d.z.s.o.a.h.client5.http.headers - http-outgoing-0 << Transfer-Encoding: chunked
12:54:20.779 [Test worker] DEBUG c.g.d.z.s.o.a.h.c.h.i.c.MainClientExec - ex-00000005: connection can be kept alive for 3 MINUTES
12:54:21.016 [Test worker] DEBUG c.g.d.z.s.o.a.h.c.h.i.c.InternalHttpClient - ep-00000004: releasing valid endpoint
12:54:21.021 [Test worker] DEBUG c.g.d.z.s.o.a.h.c.h.i.i.PoolingHttpClientConnectionManager - ep-00000004: releasing endpoint
12:54:21.022 [Test worker] DEBUG c.g.d.z.s.o.a.h.c.h.i.i.PoolingHttpClientConnectionManager - ep-00000004: connection http-outgoing-0 can be kept alive for 3 MINUTES
12:54:21.023 [Test worker] DEBUG c.g.d.z.s.o.a.h.c.h.i.i.PoolingHttpClientConnectionManager - ep-00000004: connection released [route: {}->unix://localhost:2375][total available: 1; route allocated: 1 of 2147483647; total allocated: 1 of 2147483647]
12:54:21.031 [Test worker] DEBUG o.t.s.c.g.d.c.command.AbstrDockerCmd - Cmd: sha256:d626061330ce6cccc8ffdf61bdfcd3f929080070a90e16a0f3cc460393c7d7d4
12:54:21.034 [Test worker] DEBUG c.g.d.z.s.o.a.h.c.h.i.c.InternalHttpClient - ex-00000006: preparing request execution
12:54:21.035 [Test worker] DEBUG c.g.d.z.s.o.a.h.c.h.p.RequestAddCookies - Cookie spec selected: strict
12:54:21.037 [Test worker] DEBUG c.g.d.z.s.o.a.h.c.h.p.RequestAuthCache - Auth cache not set in the context
12:54:21.038 [Test worker] DEBUG c.g.d.z.s.o.a.h.c.h.i.c.ProtocolExec - ex-00000006: target auth state: UNCHALLENGED
12:54:21.039 [Test worker] DEBUG c.g.d.z.s.o.a.h.c.h.i.c.ProtocolExec - ex-00000006: proxy auth state: UNCHALLENGED
12:54:21.039 [Test worker] DEBUG c.g.d.z.s.o.a.h.c.h.i.c.ConnectExec - ex-00000006: acquiring connection with route {}->unix://localhost:2375
12:54:21.040 [Test worker] DEBUG c.g.d.z.s.o.a.h.c.h.i.c.InternalHttpClient - ex-00000006: acquiring endpoint (3 MINUTES)
12:54:21.040 [Test worker] DEBUG c.g.d.z.s.o.a.h.c.h.i.i.PoolingHttpClientConnectionManager - ex-00000006: endpoint lease request (3 MINUTES) [route: {}->unix://localhost:2375][total available: 1; route allocated: 1 of 2147483647; total allocated: 1 of 2147483647]
12:54:21.040 [Test worker] DEBUG c.g.d.z.s.o.a.h.c.h.i.i.PoolingHttpClientConnectionManager - ex-00000006: endpoint leased [route: {}->unix://localhost:2375][total available: 0; route allocated: 1 of 2147483647; total allocated: 1 of 2147483647]
12:54:21.040 [Test worker] DEBUG c.g.d.z.s.o.a.h.c.h.i.i.PoolingHttpClientConnectionManager - ex-00000006: acquired ep-00000005
12:54:21.041 [Test worker] DEBUG c.g.d.z.s.o.a.h.c.h.i.c.InternalHttpClient - ex-00000006: acquired endpoint ep-00000005
12:54:21.041 [Test worker] DEBUG c.g.d.z.s.o.a.h.c.h.i.c.MainClientExec - ex-00000006: executing GET /v1.32/images/sha256:d626061330ce6cccc8ffdf61bdfcd3f929080070a90e16a0f3cc460393c7d7d4/json HTTP/1.1
12:54:21.042 [Test worker] DEBUG c.g.d.z.s.o.a.h.c.h.i.c.InternalHttpClient - ep-00000005: start execution ex-00000006
12:54:21.044 [Test worker] DEBUG c.g.d.z.s.o.a.h.c.h.i.i.PoolingHttpClientConnectionManager - ep-00000005: executing exchange ex-00000006 over http-outgoing-0
12:54:21.045 [Test worker] DEBUG c.g.d.z.s.o.a.h.client5.http.headers - http-outgoing-0 >> GET /v1.32/images/sha256:d626061330ce6cccc8ffdf61bdfcd3f929080070a90e16a0f3cc460393c7d7d4/json HTTP/1.1
12:54:21.045 [Test worker] DEBUG c.g.d.z.s.o.a.h.client5.http.headers - http-outgoing-0 >> accept: application/json
12:54:21.045 [Test worker] DEBUG c.g.d.z.s.o.a.h.client5.http.headers - http-outgoing-0 >> x-tc-sid: a6f66aad-c2b6-4fef-ad8c-1cdb82b0cc07
12:54:21.045 [Test worker] DEBUG c.g.d.z.s.o.a.h.client5.http.headers - http-outgoing-0 >> User-Agent: tc-java/1.19.7
12:54:21.045 [Test worker] DEBUG c.g.d.z.s.o.a.h.client5.http.headers - http-outgoing-0 >> Accept-Encoding: gzip, x-gzip, deflate
12:54:21.046 [Test worker] DEBUG c.g.d.z.s.o.a.h.client5.http.headers - http-outgoing-0 >> Host: localhost:2375
12:54:21.046 [Test worker] DEBUG c.g.d.z.s.o.a.h.client5.http.headers - http-outgoing-0 >> Connection: keep-alive
12:54:21.046 [Test worker] DEBUG c.g.d.z.s.o.a.hc.client5.http.wire - http-outgoing-0 >> "GET /v1.32/images/sha256:d626061330ce6cccc8ffdf61bdfcd3f929080070a90e16a0f3cc460393c7d7d4/json HTTP/1.1[\r][\n]"
12:54:21.046 [Test worker] DEBUG c.g.d.z.s.o.a.hc.client5.http.wire - http-outgoing-0 >> "accept: application/json[\r][\n]"
12:54:21.046 [Test worker] DEBUG c.g.d.z.s.o.a.hc.client5.http.wire - http-outgoing-0 >> "x-tc-sid: a6f66aad-c2b6-4fef-ad8c-1cdb82b0cc07[\r][\n]"
12:54:21.046 [Test worker] DEBUG c.g.d.z.s.o.a.hc.client5.http.wire - http-outgoing-0 >> "User-Agent: tc-java/1.19.7[\r][\n]"
12:54:21.046 [Test worker] DEBUG c.g.d.z.s.o.a.hc.client5.http.wire - http-outgoing-0 >> "Accept-Encoding: gzip, x-gzip, deflate[\r][\n]"
12:54:21.046 [Test worker] DEBUG c.g.d.z.s.o.a.hc.client5.http.wire - http-outgoing-0 >> "Host: localhost:2375[\r][\n]"
12:54:21.046 [Test worker] DEBUG c.g.d.z.s.o.a.hc.client5.http.wire - http-outgoing-0 >> "Connection: keep-alive[\r][\n]"
12:54:21.046 [Test worker] DEBUG c.g.d.z.s.o.a.hc.client5.http.wire - http-outgoing-0 >> "[\r][\n]"
12:54:21.051 [Test worker] DEBUG c.g.d.z.s.o.a.hc.client5.http.wire - http-outgoing-0 << "HTTP/1.1 200 OK[\r][\n]"
12:54:21.052 [Test worker] DEBUG c.g.d.z.s.o.a.hc.client5.http.wire - http-outgoing-0 << "Api-Version: 1.47[\r][\n]"
12:54:21.053 [Test worker] DEBUG c.g.d.z.s.o.a.hc.client5.http.wire - http-outgoing-0 << "Content-Type: application/json[\r][\n]"
12:54:21.053 [Test worker] DEBUG c.g.d.z.s.o.a.hc.client5.http.wire - http-outgoing-0 << "Docker-Experimental: false[\r][\n]"
12:54:21.053 [Test worker] DEBUG c.g.d.z.s.o.a.hc.client5.http.wire - http-outgoing-0 << "Ostype: linux[\r][\n]"
12:54:21.053 [Test worker] DEBUG c.g.d.z.s.o.a.hc.client5.http.wire - http-outgoing-0 << "Server: Docker/27.3.1 (linux)[\r][\n]"
12:54:21.053 [Test worker] DEBUG c.g.d.z.s.o.a.hc.client5.http.wire - http-outgoing-0 << "Date: Wed, 04 Feb 2026 04:54:21 GMT[\r][\n]"
12:54:21.053 [Test worker] DEBUG c.g.d.z.s.o.a.hc.client5.http.wire - http-outgoing-0 << "Transfer-Encoding: chunked[\r][\n]"
12:54:21.053 [Test worker] DEBUG c.g.d.z.s.o.a.hc.client5.http.wire - http-outgoing-0 << "[\r][\n]"
12:54:21.054 [Test worker] DEBUG c.g.d.z.s.o.a.hc.client5.http.wire - http-outgoing-0 << "c59[\r][\n]"
12:54:21.054 [Test worker] DEBUG c.g.d.z.s.o.a.hc.client5.http.wire - http-outgoing-0 << "{"Id":"sha256:d626061330ce6cccc8ffdf61bdfcd3f929080070a90e16a0f3cc460393c7d7d4","RepoTags":["mongo:7.0"],"RepoDigests":["mongo@sha256:4510cf3d7050003e958745adb25d2deb3fb907430716162d9cc1a92eda2a6047"],"Parent":"","Comment":"buildkit.dockerfile.v0","Created":"2026-01-15T22:34:12.005714561Z","ContainerConfig":{"Hostname":"","Domainname":"","User":"","AttachStdin":false,"AttachStdout":false,"AttachStderr":false,"Tty":false,"OpenStdin":false,"StdinOnce":false,"Env":null,"Cmd":null,"Image":"","Volumes":null,"WorkingDir":"","Entrypoint":null,"OnBuild":null,"Labels":null},"DockerVersion":"","Author":"","Config":{"Hostname":"","Domainname":"","User":"","AttachStdin":false,"AttachStdout":false,"AttachStderr":false,"ExposedPorts":{"27017/tcp":{}},"Tty":false,"OpenStdin":false,"StdinOnce":false,"Env":["PATH=/usr/local/sbin:/usr/local/bin:/usr/sbin:/usr/bin:/sbin:/bin","GOSU_VERSION=1.19","JSYAML_VERSION=3.13.1","JSYAML_CHECKSUM=662e32319bdd378e91f67578e56a34954b0a2e33aca11d70ab9f4826af24b941","MONGO_PACKAGE=mongodb-org","MONGO_REPO=repo.mongodb.org","MONGO_MAJOR=7.0","MONGO_VERSION=7.0.28","HOME=/data/db"],"Cmd":["mongod"],"Image":"","Volumes":{"/data/configdb":{},"/data/db":{}},"WorkingDir":"","Entrypoint":["docker-entrypoint.sh"],"OnBuild":null,"Labels":{"org.opencontainers.image.ref.name":"ubuntu","org.opencontainers.image.version":"22.04"}},"Architecture":"amd64","Os":"linux","Size":844453351,"VirtualSize":844453351,"GraphDriver":{"Data":{"LowerDir":"/var/lib/docker/overlay2/74929480fd87db2a6332fb0bfb105e7cb74f3b9077b2f16431d2f1a445092d51/diff:/var/lib/docker/overlay2/08d865aee4375fd29a091984cdd6478b741dee6f10efcbcb0233f2ecd5766aac/diff:/var/lib/docker/overlay2/4503342c24d99395f879e1809f00823dc4c3c5121c55193c3c823c9f36fd8e46/diff:/var/lib/docker/overlay2/2e71ba478e30b0f60ec9920d675b1a9947a42ca4076854d6bf3181717bbeead7/diff:/var/lib/docker/overlay2/3d7a9ba53afccbee3eaebd7270a5a71bda61435b6a1cb95a6a873220434f72c0/diff:/var/lib/docker/overlay2/ad836c250a24cfdd5706b0a5519f2176ba995edf5ac838ed4bc3571c47adb8c2/diff:/var/lib/docker/overlay2/4b8bb69409778e837b082f57afad60f03504a6a17bcb058d1bf88f5544029aeb/diff","MergedDir":"/var/lib/docker/overlay2/194cc51ef769985be05abedfac4d764872d08ab80db679aff197175ed74259a9/merged","UpperDir":"/var/lib/docker/overlay2/194cc51ef769985be05abedfac4d764872d08ab80db679aff197175ed74259a9/diff","WorkDir":"/var/lib/docker/overlay2/194cc51ef769985be05abedfac4d764872d08ab80db679aff197175ed74259a9/work"},"Name":"overlay2"},"RootFS":{"Type":"layers","Layers":["sha256:fbb9bbbaf4d2b027acd15252897d5043386eea7121e0e0433e697714bb14beac","sha256:d9600467d69eba730e93c4d443aa4be2b3f40481ce5083fa206f7c3d42cffbc5","sha256:015f74f9ee4c8c1a693c1df497e740f27249e52b57fb4cd61a4cd2521fc684c5","sha256:1f36b6d39ae32a5ebfa6f931d35d299d0506d5d9bdbb9a09abd437141f628e15","sha256:405bf6a242cf169725fcb22f054ca444c73b1c2fde126552800be19016dab0fc","sha256:ce9036ba7d400a8b5f5beb2ef4d5930d1df5041f039caa3a87107860f41b0130","sha256:c887a4f9c65a932e563d9159cca3a491e507516a4d844df79d4009dabb65605e","sha256:9d21952b24eea3f879ada1357ff40a84472895b84f221a660c1a1cf62ef374a4"]},"Metadata":{"LastTagTime":"0001-01-01T00:00:00Z"}}[\n]"
12:54:21.055 [Test worker] DEBUG c.g.d.z.s.o.a.hc.client5.http.wire - http-outgoing-0 << "[\r][\n]"
12:54:21.055 [Test worker] DEBUG c.g.d.z.s.o.a.hc.client5.http.wire - http-outgoing-0 << "0[\r][\n]"
12:54:21.055 [Test worker] DEBUG c.g.d.z.s.o.a.hc.client5.http.wire - http-outgoing-0 << "[\r][\n]"
12:54:21.055 [Test worker] DEBUG c.g.d.z.s.o.a.h.client5.http.headers - http-outgoing-0 << HTTP/1.1 200 OK
12:54:21.055 [Test worker] DEBUG c.g.d.z.s.o.a.h.client5.http.headers - http-outgoing-0 << Api-Version: 1.47
12:54:21.055 [Test worker] DEBUG c.g.d.z.s.o.a.h.client5.http.headers - http-outgoing-0 << Content-Type: application/json
12:54:21.055 [Test worker] DEBUG c.g.d.z.s.o.a.h.client5.http.headers - http-outgoing-0 << Docker-Experimental: false
12:54:21.055 [Test worker] DEBUG c.g.d.z.s.o.a.h.client5.http.headers - http-outgoing-0 << Ostype: linux
12:54:21.055 [Test worker] DEBUG c.g.d.z.s.o.a.h.client5.http.headers - http-outgoing-0 << Server: Docker/27.3.1 (linux)
12:54:21.055 [Test worker] DEBUG c.g.d.z.s.o.a.h.client5.http.headers - http-outgoing-0 << Date: Wed, 04 Feb 2026 04:54:21 GMT
12:54:21.055 [Test worker] DEBUG c.g.d.z.s.o.a.h.client5.http.headers - http-outgoing-0 << Transfer-Encoding: chunked
12:54:21.056 [Test worker] DEBUG c.g.d.z.s.o.a.h.c.h.i.c.MainClientExec - ex-00000006: connection can be kept alive for 3 MINUTES
12:54:21.073 [Test worker] DEBUG c.g.d.z.s.o.a.h.c.h.i.c.InternalHttpClient - ep-00000005: releasing valid endpoint
12:54:21.087 [Test worker] DEBUG c.g.d.z.s.o.a.h.c.h.i.i.PoolingHttpClientConnectionManager - ep-00000005: releasing endpoint
12:54:21.088 [Test worker] DEBUG c.g.d.z.s.o.a.h.c.h.i.i.PoolingHttpClientConnectionManager - ep-00000005: connection http-outgoing-0 can be kept alive for 3 MINUTES
12:54:21.088 [Test worker] DEBUG c.g.d.z.s.o.a.h.c.h.i.i.PoolingHttpClientConnectionManager - ep-00000005: connection released [route: {}->unix://localhost:2375][total available: 1; route allocated: 1 of 2147483647; total allocated: 1 of 2147483647]
12:54:21.088 [Test worker] DEBUG o.t.s.c.g.d.c.command.AbstrDockerCmd - Cmd: 
12:54:21.089 [Test worker] DEBUG c.g.d.z.s.o.a.h.c.h.i.c.InternalHttpClient - ex-00000007: preparing request execution
12:54:21.089 [Test worker] DEBUG c.g.d.z.s.o.a.h.c.h.p.RequestAddCookies - Cookie spec selected: strict
12:54:21.089 [Test worker] DEBUG c.g.d.z.s.o.a.h.c.h.p.RequestAuthCache - Auth cache not set in the context
12:54:21.089 [Test worker] DEBUG c.g.d.z.s.o.a.h.c.h.i.c.ProtocolExec - ex-00000007: target auth state: UNCHALLENGED
12:54:21.090 [Test worker] DEBUG c.g.d.z.s.o.a.h.c.h.i.c.ProtocolExec - ex-00000007: proxy auth state: UNCHALLENGED
12:54:21.090 [Test worker] DEBUG c.g.d.z.s.o.a.h.c.h.i.c.ConnectExec - ex-00000007: acquiring connection with route {}->unix://localhost:2375
12:54:21.090 [Test worker] DEBUG c.g.d.z.s.o.a.h.c.h.i.c.InternalHttpClient - ex-00000007: acquiring endpoint (3 MINUTES)
12:54:21.090 [Test worker] DEBUG c.g.d.z.s.o.a.h.c.h.i.i.PoolingHttpClientConnectionManager - ex-00000007: endpoint lease request (3 MINUTES) [route: {}->unix://localhost:2375][total available: 1; route allocated: 1 of 2147483647; total allocated: 1 of 2147483647]
12:54:21.090 [Test worker] DEBUG c.g.d.z.s.o.a.h.c.h.i.i.PoolingHttpClientConnectionManager - ex-00000007: endpoint leased [route: {}->unix://localhost:2375][total available: 0; route allocated: 1 of 2147483647; total allocated: 1 of 2147483647]
12:54:21.090 [Test worker] DEBUG c.g.d.z.s.o.a.h.c.h.i.i.PoolingHttpClientConnectionManager - ex-00000007: acquired ep-00000006
12:54:21.090 [Test worker] DEBUG c.g.d.z.s.o.a.h.c.h.i.c.InternalHttpClient - ex-00000007: acquired endpoint ep-00000006
12:54:21.090 [Test worker] DEBUG c.g.d.z.s.o.a.h.c.h.i.c.MainClientExec - ex-00000007: executing GET /v1.32/version HTTP/1.1
12:54:21.090 [Test worker] DEBUG c.g.d.z.s.o.a.h.c.h.i.c.InternalHttpClient - ep-00000006: start execution ex-00000007
12:54:21.090 [Test worker] DEBUG c.g.d.z.s.o.a.h.c.h.i.i.PoolingHttpClientConnectionManager - ep-00000006: executing exchange ex-00000007 over http-outgoing-0
12:54:21.094 [Test worker] DEBUG c.g.d.z.s.o.a.h.client5.http.headers - http-outgoing-0 >> GET /v1.32/version HTTP/1.1
12:54:21.094 [Test worker] DEBUG c.g.d.z.s.o.a.h.client5.http.headers - http-outgoing-0 >> accept: application/json
12:54:21.095 [Test worker] DEBUG c.g.d.z.s.o.a.h.client5.http.headers - http-outgoing-0 >> x-tc-sid: a6f66aad-c2b6-4fef-ad8c-1cdb82b0cc07
12:54:21.095 [Test worker] DEBUG c.g.d.z.s.o.a.h.client5.http.headers - http-outgoing-0 >> User-Agent: tc-java/1.19.7
12:54:21.096 [Test worker] DEBUG c.g.d.z.s.o.a.h.client5.http.headers - http-outgoing-0 >> Accept-Encoding: gzip, x-gzip, deflate
12:54:21.096 [Test worker] DEBUG c.g.d.z.s.o.a.h.client5.http.headers - http-outgoing-0 >> Host: localhost:2375
12:54:21.096 [Test worker] DEBUG c.g.d.z.s.o.a.h.client5.http.headers - http-outgoing-0 >> Connection: keep-alive
12:54:21.097 [Test worker] DEBUG c.g.d.z.s.o.a.hc.client5.http.wire - http-outgoing-0 >> "GET /v1.32/version HTTP/1.1[\r][\n]"
12:54:21.100 [Test worker] DEBUG c.g.d.z.s.o.a.hc.client5.http.wire - http-outgoing-0 >> "accept: application/json[\r][\n]"
12:54:21.100 [Test worker] DEBUG c.g.d.z.s.o.a.hc.client5.http.wire - http-outgoing-0 >> "x-tc-sid: a6f66aad-c2b6-4fef-ad8c-1cdb82b0cc07[\r][\n]"
12:54:21.103 [Test worker] DEBUG c.g.d.z.s.o.a.hc.client5.http.wire - http-outgoing-0 >> "User-Agent: tc-java/1.19.7[\r][\n]"
12:54:21.104 [Test worker] DEBUG c.g.d.z.s.o.a.hc.client5.http.wire - http-outgoing-0 >> "Accept-Encoding: gzip, x-gzip, deflate[\r][\n]"
12:54:21.104 [Test worker] DEBUG c.g.d.z.s.o.a.hc.client5.http.wire - http-outgoing-0 >> "Host: localhost:2375[\r][\n]"
12:54:21.105 [Test worker] DEBUG c.g.d.z.s.o.a.hc.client5.http.wire - http-outgoing-0 >> "Connection: keep-alive[\r][\n]"
12:54:21.105 [Test worker] DEBUG c.g.d.z.s.o.a.hc.client5.http.wire - http-outgoing-0 >> "[\r][\n]"
12:54:21.118 [Test worker] DEBUG c.g.d.z.s.o.a.hc.client5.http.wire - http-outgoing-0 << "HTTP/1.1 200 OK[\r][\n]"
12:54:21.120 [Test worker] DEBUG c.g.d.z.s.o.a.hc.client5.http.wire - http-outgoing-0 << "Api-Version: 1.47[\r][\n]"
12:54:21.121 [Test worker] DEBUG c.g.d.z.s.o.a.hc.client5.http.wire - http-outgoing-0 << "Content-Type: application/json[\r][\n]"
12:54:21.121 [Test worker] DEBUG c.g.d.z.s.o.a.hc.client5.http.wire - http-outgoing-0 << "Docker-Experimental: false[\r][\n]"
12:54:21.122 [Test worker] DEBUG c.g.d.z.s.o.a.hc.client5.http.wire - http-outgoing-0 << "Ostype: linux[\r][\n]"
12:54:21.122 [Test worker] DEBUG c.g.d.z.s.o.a.hc.client5.http.wire - http-outgoing-0 << "Server: Docker/27.3.1 (linux)[\r][\n]"
12:54:21.123 [Test worker] DEBUG c.g.d.z.s.o.a.hc.client5.http.wire - http-outgoing-0 << "Date: Wed, 04 Feb 2026 04:54:21 GMT[\r][\n]"
12:54:21.123 [Test worker] DEBUG c.g.d.z.s.o.a.hc.client5.http.wire - http-outgoing-0 << "Content-Length: 788[\r][\n]"
12:54:21.123 [Test worker] DEBUG c.g.d.z.s.o.a.hc.client5.http.wire - http-outgoing-0 << "[\r][\n]"
12:54:21.123 [Test worker] DEBUG c.g.d.z.s.o.a.hc.client5.http.wire - http-outgoing-0 << "{"Platform":{"Name":""},"Components":[{"Name":"Engine","Version":"27.3.1","Details":{"ApiVersion":"1.47","Arch":"amd64","BuildTime":"2024-09-25T14:43:43.000000000+00:00","Experimental":"false","GitCommit":"41ca978a0a","GoVersion":"go1.23.1","KernelVersion":"6.1.119-1-MANJARO","MinAPIVersion":"1.24","Os":"linux"}},{"Name":"containerd","Version":"v2.0.0","Details":{"GitCommit":"207ad711eabd375a01713109a8a197d197ff6542.m"}},{"Name":"runc","Version":"1.2.2","Details":{"GitCommit":""}},{"Name":"docker-init","Version":"0.19.0","Details":{"GitCommit":"de40ad0"}}],"Version":"27.3.1","ApiVersion":"1.47","MinAPIVersion":"1.24","GitCommit":"41ca978a0a","GoVersion":"go1.23.1","Os":"linux","Arch":"amd64","KernelVersion":"6.1.119-1-MANJARO","BuildTime":"2024-09-25T14:43:43.000000000+00:00"}[\n]"
12:54:21.124 [Test worker] DEBUG c.g.d.z.s.o.a.h.client5.http.headers - http-outgoing-0 << HTTP/1.1 200 OK
12:54:21.124 [Test worker] DEBUG c.g.d.z.s.o.a.h.client5.http.headers - http-outgoing-0 << Api-Version: 1.47
12:54:21.124 [Test worker] DEBUG c.g.d.z.s.o.a.h.client5.http.headers - http-outgoing-0 << Content-Type: application/json
12:54:21.124 [Test worker] DEBUG c.g.d.z.s.o.a.h.client5.http.headers - http-outgoing-0 << Docker-Experimental: false
12:54:21.124 [Test worker] DEBUG c.g.d.z.s.o.a.h.client5.http.headers - http-outgoing-0 << Ostype: linux
12:54:21.125 [Test worker] DEBUG c.g.d.z.s.o.a.h.client5.http.headers - http-outgoing-0 << Server: Docker/27.3.1 (linux)
12:54:21.125 [Test worker] DEBUG c.g.d.z.s.o.a.h.client5.http.headers - http-outgoing-0 << Date: Wed, 04 Feb 2026 04:54:21 GMT
12:54:21.125 [Test worker] DEBUG c.g.d.z.s.o.a.h.client5.http.headers - http-outgoing-0 << Content-Length: 788
12:54:21.126 [Test worker] DEBUG c.g.d.z.s.o.a.h.c.h.i.c.MainClientExec - ex-00000007: connection can be kept alive for 3 MINUTES
12:54:21.127 [Test worker] DEBUG c.g.d.z.s.o.a.h.c.h.i.c.InternalHttpClient - ep-00000006: releasing valid endpoint
12:54:21.128 [Test worker] DEBUG c.g.d.z.s.o.a.h.c.h.i.i.PoolingHttpClientConnectionManager - ep-00000006: releasing endpoint
12:54:21.128 [Test worker] DEBUG c.g.d.z.s.o.a.h.c.h.i.i.PoolingHttpClientConnectionManager - ep-00000006: connection http-outgoing-0 can be kept alive for 3 MINUTES
12:54:21.129 [Test worker] DEBUG c.g.d.z.s.o.a.h.c.h.i.i.PoolingHttpClientConnectionManager - ep-00000006: connection released [route: {}->unix://localhost:2375][total available: 1; route allocated: 1 of 2147483647; total allocated: 1 of 2147483647]
12:54:21.147 [docker-java-stream-1837514849] DEBUG c.g.d.z.s.o.a.h.c.h.i.c.InternalHttpClient - ex-00000008: preparing request execution
12:54:21.148 [docker-java-stream-1837514849] DEBUG c.g.d.z.s.o.a.h.c.h.p.RequestAddCookies - Cookie spec selected: strict
12:54:21.149 [docker-java-stream-1837514849] DEBUG c.g.d.z.s.o.a.h.c.h.p.RequestAuthCache - Auth cache not set in the context
[...]
12:54:21.260 [Test worker] DEBUG c.g.d.z.s.o.a.hc.client5.http.wire - http-outgoing-1 << "Ostype: linux[\r][\n]"
12:54:21.262 [Test worker] DEBUG c.g.d.z.s.o.a.hc.client5.http.wire - http-outgoing-1 << "Server: Docker/27.3.1 (linux)[\r][\n]"
12:54:21.262 [Test worker] DEBUG c.g.d.z.s.o.a.hc.client5.http.wire - http-outgoing-1 << "Date: Wed, 04 Feb 2026 04:54:21 GMT[\r][\n]"
12:54:21.264 [Test worker] DEBUG c.g.d.z.s.o.a.hc.client5.http.wire - http-outgoing-1 << "Content-Length: 74[\r][\n]"
12:54:21.264 [Test worker] DEBUG c.g.d.z.s.o.a.hc.client5.http.wire - http-outgoing-1 << "[\r][\n]"
12:54:21.264 [Test worker] DEBUG c.g.d.z.s.o.a.hc.client5.http.wire - http-outgoing-1 << "{"Id":"c90961190326131daf48ee2229537e547c94c91b62ea57e0ad4aed55f983fcbd"}[\n]"
12:54:21.266 [Test worker] DEBUG c.g.d.z.s.o.a.h.client5.http.headers - http-outgoing-1 << HTTP/1.1 201 Created
12:54:21.266 [Test worker] DEBUG c.g.d.z.s.o.a.h.client5.http.headers - http-outgoing-1 << Api-Version: 1.47
12:54:21.267 [Test worker] DEBUG c.g.d.z.s.o.a.h.client5.http.headers - http-outgoing-1 << Content-Type: application/json
12:54:21.271 [Test worker] DEBUG c.g.d.z.s.o.a.h.client5.http.headers - http-outgoing-1 << Docker-Experimental: false
12:54:21.271 [Test worker] DEBUG c.g.d.z.s.o.a.h.client5.http.headers - http-outgoing-1 << Ostype: linux
12:54:21.271 [Test worker] DEBUG c.g.d.z.s.o.a.h.client5.http.headers - http-outgoing-1 << Server: Docker/27.3.1 (linux)
12:54:21.272 [Test worker] DEBUG c.g.d.z.s.o.a.h.client5.http.headers - http-outgoing-1 << Date: Wed, 04 Feb 2026 04:54:21 GMT
12:54:21.272 [Test worker] DEBUG c.g.d.z.s.o.a.h.client5.http.headers - http-outgoing-1 << Content-Length: 74
12:54:21.272 [Test worker] DEBUG c.g.d.z.s.o.a.h.c.h.i.c.MainClientExec - ex-00000009: connection can be kept alive for 3 MINUTES
12:54:21.283 [Test worker] DEBUG c.g.d.z.s.o.a.h.c.h.i.c.InternalHttpClient - ep-00000008: releasing valid endpoint
12:54:21.283 [Test worker] DEBUG c.g.d.z.s.o.a.h.c.h.i.i.PoolingHttpClientConnectionManager - ep-00000008: releasing endpoint
12:54:21.283 [Test worker] DEBUG c.g.d.z.s.o.a.h.c.h.i.i.PoolingHttpClientConnectionManager - ep-00000008: connection http-outgoing-1 can be kept alive for 3 MINUTES
12:54:21.283 [Test worker] DEBUG c.g.d.z.s.o.a.h.c.h.i.i.PoolingHttpClientConnectionManager - ep-00000008: connection released [route: {}->unix://localhost:2375][total available: 1; route allocated: 1 of 2147483647; total allocated: 1 of 2147483647]
12:54:21.296 [docker-java-stream-2068089580] DEBUG c.g.d.z.s.o.a.h.c.h.i.c.InternalHttpClient - ex-0000000A: preparing request execution
12:54:21.298 [docker-java-stream-2068089580] DEBUG c.g.d.z.s.o.a.h.c.h.p.RequestAddCookies - Cookie spec selected: strict
12:54:21.298 [docker-java-stream-2068089580] DEBUG c.g.d.z.s.o.a.h.c.h.p.RequestAuthCache - Auth cache not set in the context
12:54:21.299 [docker-java-stream-2068089580] DEBUG c.g.d.z.s.o.a.h.c.h.i.c.ProtocolExec - ex-0000000A: target auth state: UNCHALLENGED
12:54:21.299 [docker-java-stream-2068089580] DEBUG c.g.d.z.s.o.a.h.c.h.i.c.ProtocolExec - ex-0000000A: proxy auth state: UNCHALLENGED
12:54:21.299 [docker-java-stream-2068089580] DEBUG c.g.d.z.s.o.a.h.c.h.i.c.ConnectExec - ex-0000000A: acquiring connection with route {}->unix://localhost:2375
12:54:21.299 [docker-java-stream-2068089580] DEBUG c.g.d.z.s.o.a.h.c.h.i.c.InternalHttpClient - ex-0000000A: acquiring endpoint (3 MINUTES)
12:54:21.299 [docker-java-stream-2068089580] DEBUG c.g.d.z.s.o.a.h.c.h.i.i.PoolingHttpClientConnectionManager - ex-0000000A: endpoint lease request (3 MINUTES) [route: {}->unix://localhost:2375][total available: 1; route allocated: 1 of 2147483647; total allocated: 1 of 2147483647]
12:54:21.299 [docker-java-stream-2068089580] DEBUG c.g.d.z.s.o.a.h.c.h.i.i.PoolingHttpClientConnectionManager - ex-0000000A: endpoint leased [route: {}->unix://localhost:2375][total available: 0; route allocated: 1 of 2147483647; total allocated: 1 of 2147483647]
12:54:21.300 [docker-java-stream-2068089580] DEBUG c.g.d.z.s.o.a.h.c.h.i.i.PoolingHttpClientConnectionManager - ex-0000000A: acquired ep-00000009
12:54:21.300 [docker-java-stream-2068089580] DEBUG c.g.d.z.s.o.a.h.c.h.i.c.InternalHttpClient - ex-0000000A: acquired endpoint ep-00000009
12:54:21.300 [docker-java-stream-2068089580] DEBUG c.g.d.z.s.o.a.h.c.h.i.c.MainClientExec - ex-0000000A: executing POST /v1.32/exec/c90961190326131daf48ee2229537e547c94c91b62ea57e0ad4aed55f983fcbd/start HTTP/1.1
12:54:21.323 [docker-java-stream-2068089580] DEBUG c.g.d.z.s.o.a.h.c.h.i.c.InternalHttpClient - ep-00000009: start execution ex-0000000A
12:54:21.323 [docker-java-stream-2068089580] DEBUG c.g.d.z.s.o.a.h.c.h.i.i.PoolingHttpClientConnectionManager - ep-00000009: executing exchange ex-0000000A over http-outgoing-1
12:54:21.323 [docker-java-stream-2068089580] DEBUG c.g.d.z.s.o.a.h.client5.http.headers - http-outgoing-1 >> POST /v1.32/exec/c90961190326131daf48ee2229537e547c94c91b62ea57e0ad4aed55f983fcbd/start HTTP/1.1
12:54:21.323 [docker-java-stream-2068089580] DEBUG c.g.d.z.s.o.a.h.client5.http.headers - http-outgoing-1 >> accept: application/json
12:54:21.323 [docker-java-stream-2068089580] DEBUG c.g.d.z.s.o.a.h.client5.http.headers - http-outgoing-1 >> content-type: application/json
12:54:21.323 [docker-java-stream-2068089580] DEBUG c.g.d.z.s.o.a.h.client5.http.headers - http-outgoing-1 >> x-tc-sid: a6f66aad-c2b6-4fef-ad8c-1cdb82b0cc07
12:54:21.323 [docker-java-stream-2068089580] DEBUG c.g.d.z.s.o.a.h.client5.http.headers - http-outgoing-1 >> User-Agent: tc-java/1.19.7
12:54:21.323 [docker-java-stream-2068089580] DEBUG c.g.d.z.s.o.a.h.client5.http.headers - http-outgoing-1 >> Accept-Encoding: gzip, x-gzip, deflate
12:54:21.323 [docker-java-stream-2068089580] DEBUG c.g.d.z.s.o.a.h.client5.http.headers - http-outgoing-1 >> Content-Length: 26
12:54:21.323 [docker-java-stream-2068089580] DEBUG c.g.d.z.s.o.a.h.client5.http.headers - http-outgoing-1 >> Host: localhost:2375
12:54:21.323 [docker-java-stream-2068089580] DEBUG c.g.d.z.s.o.a.h.client5.http.headers - http-outgoing-1 >> Connection: keep-alive
12:54:21.324 [docker-java-stream-2068089580] DEBUG c.g.d.z.s.o.a.hc.client5.http.wire - http-outgoing-1 >> "POST /v1.32/exec/c90961190326131daf48ee2229537e547c94c91b62ea57e0ad4aed55f983fcbd/start HTTP/1.1[\r][\n]"
12:54:21.324 [docker-java-stream-2068089580] DEBUG c.g.d.z.s.o.a.hc.client5.http.wire - http-outgoing-1 >> "accept: application/json[\r][\n]"
12:54:21.324 [docker-java-stream-2068089580] DEBUG c.g.d.z.s.o.a.hc.client5.http.wire - http-outgoing-1 >> "content-type: application/json[\r][\n]"
12:54:21.324 [docker-java-stream-2068089580] DEBUG c.g.d.z.s.o.a.hc.client5.http.wire - http-outgoing-1 >> "x-tc-sid: a6f66aad-c2b6-4fef-ad8c-1cdb82b0cc07[\r][\n]"
12:54:21.324 [docker-java-stream-2068089580] DEBUG c.g.d.z.s.o.a.hc.client5.http.wire - http-outgoing-1 >> "User-Agent: tc-java/1.19.7[\r][\n]"
12:54:21.324 [docker-java-stream-2068089580] DEBUG c.g.d.z.s.o.a.hc.client5.http.wire - http-outgoing-1 >> "Accept-Encoding: gzip, x-gzip, deflate[\r][\n]"
12:54:21.324 [docker-java-stream-2068089580] DEBUG c.g.d.z.s.o.a.hc.client5.http.wire - http-outgoing-1 >> "Content-Length: 26[\r][\n]"
12:54:21.326 [docker-java-stream-2068089580] DEBUG c.g.d.z.s.o.a.hc.client5.http.wire - http-outgoing-1 >> "Host: localhost:2375[\r][\n]"
12:54:21.327 [docker-java-stream-2068089580] DEBUG c.g.d.z.s.o.a.hc.client5.http.wire - http-outgoing-1 >> "Connection: keep-alive[\r][\n]"
12:54:21.327 [docker-java-stream-2068089580] DEBUG c.g.d.z.s.o.a.hc.client5.http.wire - http-outgoing-1 >> "[\r][\n]"
12:54:21.327 [docker-java-stream-2068089580] DEBUG c.g.d.z.s.o.a.hc.client5.http.wire - http-outgoing-1 >> "{"Detach":null,"Tty":null}"
12:54:21.327 [docker-java-stream-2068089580] DEBUG c.g.d.z.s.o.a.hc.client5.http.wire - http-outgoing-1 << "HTTP/1.1 200 OK[\r][\n]"
12:54:21.328 [docker-java-stream-2068089580] DEBUG c.g.d.z.s.o.a.hc.client5.http.wire - http-outgoing-1 << "Content-Type: application/vnd.docker.raw-stream[\r][\n]"
12:54:21.328 [docker-java-stream-2068089580] DEBUG c.g.d.z.s.o.a.hc.client5.http.wire - http-outgoing-1 << "Api-Version: 1.47[\r][\n]"
12:54:21.328 [docker-java-stream-2068089580] DEBUG c.g.d.z.s.o.a.hc.client5.http.wire - http-outgoing-1 << "Docker-Experimental: false[\r][\n]"
12:54:21.328 [docker-java-stream-2068089580] DEBUG c.g.d.z.s.o.a.hc.client5.http.wire - http-outgoing-1 << "Ostype: linux[\r][\n]"
12:54:21.328 [docker-java-stream-2068089580] DEBUG c.g.d.z.s.o.a.hc.client5.http.wire - http-outgoing-1 << "Server: Docker/27.3.1 (linux)[\r][\n]"
12:54:21.328 [docker-java-stream-2068089580] DEBUG c.g.d.z.s.o.a.hc.client5.http.wire - http-outgoing-1 << "[\r][\n]"
12:54:21.329 [docker-java-stream-2068089580] DEBUG c.g.d.z.s.o.a.h.client5.http.headers - http-outgoing-1 << HTTP/1.1 200 OK
12:54:21.329 [docker-java-stream-2068089580] DEBUG c.g.d.z.s.o.a.h.client5.http.headers - http-outgoing-1 << Content-Type: application/vnd.docker.raw-stream
12:54:21.329 [docker-java-stream-2068089580] DEBUG c.g.d.z.s.o.a.h.client5.http.headers - http-outgoing-1 << Api-Version: 1.47
12:54:21.329 [docker-java-stream-2068089580] DEBUG c.g.d.z.s.o.a.h.client5.http.headers - http-outgoing-1 << Docker-Experimental: false
12:54:21.329 [docker-java-stream-2068089580] DEBUG c.g.d.z.s.o.a.h.client5.http.headers - http-outgoing-1 << Ostype: linux
12:54:21.329 [docker-java-stream-2068089580] DEBUG c.g.d.z.s.o.a.h.client5.http.headers - http-outgoing-1 << Server: Docker/27.3.1 (linux)
12:54:22.116 [docker-java-stream-2068089580] DEBUG c.g.d.z.s.o.a.hc.client5.http.wire - http-outgoing-1 << "end of stream"
12:54:22.116 [docker-java-stream-2068089580] DEBUG c.g.d.z.s.o.a.h.c.h.i.i.DefaultManagedHttpClientConnection - http-outgoing-1: close connection IMMEDIATE
12:54:22.116 [docker-java-stream-2068089580] DEBUG c.g.d.z.s.o.a.h.c.h.i.c.InternalHttpClient - ep-00000009: endpoint closed
12:54:22.116 [docker-java-stream-2068089580] DEBUG c.g.d.z.s.o.a.h.c.h.i.c.InternalHttpClient - ep-00000009: discarding endpoint
12:54:22.116 [docker-java-stream-2068089580] DEBUG c.g.d.z.s.o.a.h.c.h.i.i.PoolingHttpClientConnectionManager - ep-00000009: releasing endpoint
12:54:22.116 [docker-java-stream-2068089580] DEBUG c.g.d.z.s.o.a.h.c.h.i.i.PoolingHttpClientConnectionManager - ep-00000009: connection is not kept alive
12:54:22.117 [docker-java-stream-2068089580] DEBUG c.g.d.z.s.o.a.h.c.h.i.i.PoolingHttpClientConnectionManager - ep-00000009: connection released [route: {}->unix://localhost:2375][total available: 0; route allocated: 0 of 2147483647; total allocated: 0 of 2147483647]
12:54:22.118 [Test worker] DEBUG o.t.s.c.g.d.c.command.AbstrDockerCmd - Cmd: c90961190326131daf48ee2229537e547c94c91b62ea57e0ad4aed55f983fcbd
12:54:22.119 [Test worker] DEBUG o.t.s.c.g.d.c.e.InspectExecCmdExec - GET: DefaultWebTarget{path=[/exec/c90961190326131daf48ee2229537e547c94c91b62ea57e0ad4aed55f983fcbd/json], queryParams={}}
12:54:22.120 [Test worker] DEBUG c.g.d.z.s.o.a.h.c.h.i.c.InternalHttpClient - ex-0000000B: preparing request execution
12:54:22.120 [Test worker] DEBUG c.g.d.z.s.o.a.h.c.h.p.RequestAddCookies - Cookie spec selected: strict
12:54:22.121 [Test worker] DEBUG c.g.d.z.s.o.a.h.c.h.p.RequestAuthCache - Auth cache not set in the context
12:54:22.121 [Test worker] DEBUG c.g.d.z.s.o.a.h.c.h.i.c.ProtocolExec - ex-0000000B: target auth state: UNCHALLENGED
12:54:22.121 [Test worker] DEBUG c.g.d.z.s.o.a.h.c.h.i.c.ProtocolExec - ex-0000000B: proxy auth state: UNCHALLENGED
12:54:22.121 [Test worker] DEBUG c.g.d.z.s.o.a.h.c.h.i.c.ConnectExec - ex-0000000B: acquiring connection with route {}->unix://localhost:2375
12:54:22.121 [Test worker] DEBUG c.g.d.z.s.o.a.h.c.h.i.c.InternalHttpClient - ex-0000000B: acquiring endpoint (3 MINUTES)
12:54:22.121 [Test worker] DEBUG c.g.d.z.s.o.a.h.c.h.i.i.PoolingHttpClientConnectionManager - ex-0000000B: endpoint lease request (3 MINUTES) [route: {}->unix://localhost:2375][total available: 0; route allocated: 0 of 2147483647; total allocated: 0 of 2147483647]
12:54:22.122 [Test worker] DEBUG c.g.d.z.s.o.a.h.c.h.i.i.PoolingHttpClientConnectionManager - ex-0000000B: endpoint leased [route: {}->unix://localhost:2375][total available: 0; route allocated: 1 of 2147483647; total allocated: 1 of 2147483647]
12:54:22.122 [Test worker] DEBUG c.g.d.z.s.o.a.h.c.h.i.i.PoolingHttpClientConnectionManager - ex-0000000B: acquired ep-0000000A
12:54:22.122 [Test worker] DEBUG c.g.d.z.s.o.a.h.c.h.i.c.InternalHttpClient - ex-0000000B: acquired endpoint ep-0000000A
12:54:22.122 [Test worker] DEBUG c.g.d.z.s.o.a.h.c.h.i.c.ConnectExec - ex-0000000B: opening connection {}->unix://localhost:2375
12:54:22.122 [Test worker] DEBUG c.g.d.z.s.o.a.h.c.h.i.c.InternalHttpClient - ep-0000000A: connecting endpoint (3 MINUTES)
12:54:22.122 [Test worker] DEBUG c.g.d.z.s.o.a.h.c.h.i.i.PoolingHttpClientConnectionManager - ep-0000000A: connecting endpoint to unix://localhost:2375 (3 MINUTES)
12:54:22.123 [Test worker] DEBUG c.g.d.z.s.o.a.h.c.h.i.i.DefaultHttpClientConnectionOperator - http-outgoing-2: connecting to localhost/127.0.0.1:2375
12:54:22.123 [Test worker] DEBUG c.g.d.z.s.o.a.h.c.h.i.i.DefaultHttpClientConnectionOperator - http-outgoing-2: connection established /var/run/docker.sock<->/var/run/docker.sock
12:54:22.123 [Test worker] DEBUG c.g.d.z.s.o.a.h.c.h.i.i.PoolingHttpClientConnectionManager - ep-0000000A: connected http-outgoing-2
12:54:22.123 [Test worker] DEBUG c.g.d.z.s.o.a.h.c.h.i.c.InternalHttpClient - ep-0000000A: endpoint connected
12:54:22.123 [Test worker] DEBUG c.g.d.z.s.o.a.h.c.h.i.c.MainClientExec - ex-0000000B: executing GET /v1.32/exec/c90961190326131daf48ee2229537e547c94c91b62ea57e0ad4aed55f983fcbd/json HTTP/1.1
12:54:22.123 [Test worker] DEBUG c.g.d.z.s.o.a.h.c.h.i.c.InternalHttpClient - ep-0000000A: start execution ex-0000000B
12:54:22.123 [Test worker] DEBUG c.g.d.z.s.o.a.h.c.h.i.i.PoolingHttpClientConnectionManager - ep-0000000A: executing exchange ex-0000000B over http-outgoing-2
12:54:22.123 [Test worker] DEBUG c.g.d.z.s.o.a.h.client5.http.headers - http-outgoing-2 >> GET /v1.32/exec/c90961190326131daf48ee2229537e547c94c91b62ea57e0ad4aed55f983fcbd/json HTTP/1.1
12:54:22.123 [Test worker] DEBUG c.g.d.z.s.o.a.h.client5.http.headers - http-outgoing-2 >> accept: application/json
12:54:22.123 [Test worker] DEBUG c.g.d.z.s.o.a.h.client5.http.headers - http-outgoing-2 >> x-tc-sid: a6f66aad-c2b6-4fef-ad8c-1cdb82b0cc07
12:54:22.123 [Test worker] DEBUG c.g.d.z.s.o.a.h.client5.http.headers - http-outgoing-2 >> User-Agent: tc-java/1.19.7
12:54:22.123 [Test worker] DEBUG c.g.d.z.s.o.a.h.client5.http.headers - http-outgoing-2 >> Accept-Encoding: gzip, x-gzip, deflate
12:54:22.123 [Test worker] DEBUG c.g.d.z.s.o.a.h.client5.http.headers - http-outgoing-2 >> Host: localhost:2375
12:54:22.123 [Test worker] DEBUG c.g.d.z.s.o.a.h.client5.http.headers - http-outgoing-2 >> Connection: keep-alive
12:54:22.123 [Test worker] DEBUG c.g.d.z.s.o.a.hc.client5.http.wire - http-outgoing-2 >> "GET /v1.32/exec/c90961190326131daf48ee2229537e547c94c91b62ea57e0ad4aed55f983fcbd/json HTTP/1.1[\r][\n]"
12:54:22.123 [Test worker] DEBUG c.g.d.z.s.o.a.hc.client5.http.wire - http-outgoing-2 >> "accept: application/json[\r][\n]"
12:54:22.123 [Test worker] DEBUG c.g.d.z.s.o.a.hc.client5.http.wire - http-outgoing-2 >> "x-tc-sid: a6f66aad-c2b6-4fef-ad8c-1cdb82b0cc07[\r][\n]"
12:54:22.123 [Test worker] DEBUG c.g.d.z.s.o.a.hc.client5.http.wire - http-outgoing-2 >> "User-Agent: tc-java/1.19.7[\r][\n]"
12:54:22.123 [Test worker] DEBUG c.g.d.z.s.o.a.hc.client5.http.wire - http-outgoing-2 >> "Accept-Encoding: gzip, x-gzip, deflate[\r][\n]"
12:54:22.123 [Test worker] DEBUG c.g.d.z.s.o.a.hc.client5.http.wire - http-outgoing-2 >> "Host: localhost:2375[\r][\n]"
12:54:22.123 [Test worker] DEBUG c.g.d.z.s.o.a.hc.client5.http.wire - http-outgoing-2 >> "Connection: keep-alive[\r][\n]"
12:54:22.123 [Test worker] DEBUG c.g.d.z.s.o.a.hc.client5.http.wire - http-outgoing-2 >> "[\r][\n]"
12:54:22.124 [Test worker] DEBUG c.g.d.z.s.o.a.hc.client5.http.wire - http-outgoing-2 << "HTTP/1.1 200 OK[\r][\n]"
12:54:22.124 [Test worker] DEBUG c.g.d.z.s.o.a.hc.client5.http.wire - http-outgoing-2 << "Api-Version: 1.47[\r][\n]"
12:54:22.124 [Test worker] DEBUG c.g.d.z.s.o.a.hc.client5.http.wire - http-outgoing-2 << "Content-Type: application/json[\r][\n]"
12:54:22.124 [Test worker] DEBUG c.g.d.z.s.o.a.hc.client5.http.wire - http-outgoing-2 << "Docker-Experimental: false[\r][\n]"
12:54:22.124 [Test worker] DEBUG c.g.d.z.s.o.a.hc.client5.http.wire - http-outgoing-2 << "Ostype: linux[\r][\n]"
12:54:22.124 [Test worker] DEBUG c.g.d.z.s.o.a.hc.client5.http.wire - http-outgoing-2 << "Server: Docker/27.3.1 (linux)[\r][\n]"
12:54:22.124 [Test worker] DEBUG c.g.d.z.s.o.a.hc.client5.http.wire - http-outgoing-2 << "Date: Wed, 04 Feb 2026 04:54:22 GMT[\r][\n]"
12:54:22.124 [Test worker] DEBUG c.g.d.z.s.o.a.hc.client5.http.wire - http-outgoing-2 << "Content-Length: 556[\r][\n]"
12:54:22.124 [Test worker] DEBUG c.g.d.z.s.o.a.hc.client5.http.wire - http-outgoing-2 << "[\r][\n]"
12:54:22.124 [Test worker] DEBUG c.g.d.z.s.o.a.hc.client5.http.wire - http-outgoing-2 << "{"ID":"c90961190326131daf48ee2229537e547c94c91b62ea57e0ad4aed55f983fcbd","Running":false,"ExitCode":0,"ProcessConfig":{"tty":false,"entrypoint":"sh","arguments":["-c","mongosh mongo --eval \"if(db.adminCommand({replSetGetStatus: 1})['myState'] != 1) quit(900)\"  || mongo --eval \"if(db.adminCommand({replSetGetStatus: 1})['myState'] != 1) quit(900)\""],"privileged":false},"OpenStdin":false,"OpenStderr":true,"OpenStdout":true,"CanRemove":false,"ContainerID":"235eb721ed6895e93bed9b4c5e879de66986587e1925773235cc72e1e72e64b9","DetachKeys":"","Pid":71459}[\n]"
12:54:22.124 [Test worker] DEBUG c.g.d.z.s.o.a.h.client5.http.headers - http-outgoing-2 << HTTP/1.1 200 OK
12:54:22.124 [Test worker] DEBUG c.g.d.z.s.o.a.h.client5.http.headers - http-outgoing-2 << Api-Version: 1.47
12:54:22.124 [Test worker] DEBUG c.g.d.z.s.o.a.h.client5.http.headers - http-outgoing-2 << Content-Type: application/json
12:54:22.124 [Test worker] DEBUG c.g.d.z.s.o.a.h.client5.http.headers - http-outgoing-2 << Docker-Experimental: false
12:54:22.124 [Test worker] DEBUG c.g.d.z.s.o.a.h.client5.http.headers - http-outgoing-2 << Ostype: linux
12:54:22.124 [Test worker] DEBUG c.g.d.z.s.o.a.h.client5.http.headers - http-outgoing-2 << Server: Docker/27.3.1 (linux)
12:54:22.124 [Test worker] DEBUG c.g.d.z.s.o.a.h.client5.http.headers - http-outgoing-2 << Date: Wed, 04 Feb 2026 04:54:22 GMT
12:54:22.124 [Test worker] DEBUG c.g.d.z.s.o.a.h.client5.http.headers - http-outgoing-2 << Content-Length: 556
12:54:22.124 [Test worker] DEBUG c.g.d.z.s.o.a.h.c.h.i.c.MainClientExec - ex-0000000B: connection can be kept alive for 3 MINUTES
12:54:22.151 [Test worker] DEBUG c.g.d.z.s.o.a.h.c.h.i.c.InternalHttpClient - ep-0000000A: releasing valid endpoint
12:54:22.152 [Test worker] DEBUG c.g.d.z.s.o.a.h.c.h.i.i.PoolingHttpClientConnectionManager - ep-0000000A: releasing endpoint
12:54:22.152 [Test worker] DEBUG c.g.d.z.s.o.a.h.c.h.i.i.PoolingHttpClientConnectionManager - ep-0000000A: connection http-outgoing-2 can be kept alive for 3 MINUTES
12:54:22.152 [Test worker] DEBUG c.g.d.z.s.o.a.h.c.h.i.i.PoolingHttpClientConnectionManager - ep-0000000A: connection released [route: {}->unix://localhost:2375][total available: 1; route allocated: 1 of 2147483647; total allocated: 1 of 2147483647]
12:54:22.152 [Test worker] DEBUG o.t.containers.MongoDBContainer - Replica set already initialized.
12:54:22.964 [atoma-ttl-worker-0] DEBUG atoma.core.DefaultLease - Lease [ba7d7fa7-5059-42eb-b6e1-d8109b51ac9b] renew completed. Previous expire time: 2026-02-04T04:54:54.883Z Next expire time: 2026-02-04T04:55:26.883Z 
]]></system-out>
  <system-err><![CDATA[SLF4J(I): Connected with provider of type [ch.qos.logback.classic.spi.LogbackServiceProvider]
]]></system-err>
</testsuite>
