<?xml version="1.0" encoding="UTF-8"?>
<testsuite name="atoma.test.rwlock.SingleClientReadLockAcquisitionTest" tests="3" skipped="0" failures="0" errors="0" timestamp="2026-02-04T04:55:13.856Z" hostname="manjaro" time="8.04">
  <properties/>
  <testcase name="TEST-ACQ-001 验证单个客户端能够成功获取读锁" classname="atoma.test.rwlock.SingleClientReadLockAcquisitionTest" time="0.015"/>
  <testcase name="TEST-ACQ-001 验证单个客户端能够成功获取读锁" classname="atoma.test.rwlock.SingleClientReadLockAcquisitionTest" time="0.013"/>
  <testcase name="TEST-ACQ-001 验证单个客户端能够成功获取读锁" classname="atoma.test.rwlock.SingleClientReadLockAcquisitionTest" time="8.012"/>
  <system-out><![CDATA[12:55:13.863 [atoma-ttl-worker-3] DEBUG atoma.core.DefaultLease - Lease [d6599361-39c2-428c-a407-c0a252c56761] renew completed. Previous expire time: 2026-02-04T04:55:21.857Z Next expire time: 2026-02-04T04:55:29.857Z 
12:55:13.879 [atoma-ttl-worker-4] DEBUG atoma.core.DefaultLease - Lease [3cb8179e-8304-4dfd-a355-574a735af252] renew completed. Previous expire time: 2026-02-04T04:55:21.871Z Next expire time: 2026-02-04T04:55:29.871Z 
12:55:13.892 [atoma-ttl-worker-5] DEBUG atoma.core.DefaultLease - Lease [58692ead-e114-4fcf-8bea-9f426aa853f0] renew completed. Previous expire time: 2026-02-04T04:55:21.885Z Next expire time: 2026-02-04T04:55:29.885Z 
12:55:14.825 [atoma-ttl-worker-1] INFO  a.s.m.c.CleanDeadResourceCommandHandler - Cleaned dead leases from 0 read-write locks, modified count: 0
12:55:15.756 [atoma-ttl-worker-2] INFO  a.s.m.c.CleanDeadResourceCommandHandler - Cleaned dead leases from 0 read-write locks, modified count: 0
12:55:16.823 [atoma-ttl-worker-1] INFO  a.s.m.c.CleanDeadResourceCommandHandler - Cleaned dead leases from 0 read-write locks, modified count: 0
12:55:17.758 [atoma-ttl-worker-2] INFO  a.s.m.c.CleanDeadResourceCommandHandler - Cleaned dead leases from 0 read-write locks, modified count: 0
12:55:18.823 [atoma-ttl-worker-1] INFO  a.s.m.c.CleanDeadResourceCommandHandler - Cleaned dead leases from 0 read-write locks, modified count: 0
12:55:19.755 [atoma-ttl-worker-2] INFO  a.s.m.c.CleanDeadResourceCommandHandler - Cleaned dead leases from 0 read-write locks, modified count: 0
12:55:20.823 [atoma-ttl-worker-1] INFO  a.s.m.c.CleanDeadResourceCommandHandler - Cleaned dead leases from 0 read-write locks, modified count: 0
12:55:21.757 [atoma-ttl-worker-2] INFO  a.s.m.c.CleanDeadResourceCommandHandler - Cleaned dead leases from 0 read-write locks, modified count: 0
12:55:21.871 [atoma-ttl-worker-5] DEBUG atoma.core.DefaultLease - Lease [d6599361-39c2-428c-a407-c0a252c56761] renew completed. Previous expire time: 2026-02-04T04:55:29.857Z Next expire time: 2026-02-04T04:55:37.857Z 
12:55:21.879 [atoma-ttl-worker-7] DEBUG atoma.core.DefaultLease - Lease [3cb8179e-8304-4dfd-a355-574a735af252] renew completed. Previous expire time: 2026-02-04T04:55:29.871Z Next expire time: 2026-02-04T04:55:37.871Z 
12:55:21.892 [atoma-ttl-worker-6] DEBUG atoma.core.DefaultLease - Lease [58692ead-e114-4fcf-8bea-9f426aa853f0] renew completed. Previous expire time: 2026-02-04T04:55:29.885Z Next expire time: 2026-02-04T04:55:37.885Z 
]]></system-out>
  <system-err><![CDATA[]]></system-err>
</testsuite>
