<?xml version="1.0" encoding="UTF-8"?>
<testsuite name="atoma.test.barrier.SingleClientBarrierTest" tests="1" skipped="0" failures="0" errors="0" timestamp="2026-02-04T04:54:36.716Z" hostname="manjaro" time="0.305">
  <properties/>
  <testcase name="BARRIER-TC-001: 单节点初始化CyclicBarrier，设置合法参与者数量" classname="atoma.test.barrier.SingleClientBarrierTest" time="0.304"/>
  <system-out><![CDATA[12:54:36.746 [Test worker] INFO  a.s.m.c.CleanDeadResourceCommandHandler - Cleaned dead leases from 0 read-write locks, modified count: 0
12:54:36.786 [atoma-ttl-worker-0] INFO  a.s.m.c.CleanDeadResourceCommandHandler - Cleaned dead leases from 0 read-write locks, modified count: 0
12:54:36.786 [atoma-ttl-worker-1] DEBUG atoma.core.DefaultLease - Lease [d5921954-6894-471a-95d2-97b1a31e67bb] renew completed. Previous expire time: 2026-02-04T04:55:08.766Z Next expire time: 2026-02-04T04:55:40.766Z 
12:54:36.951 [atoma-ttl-worker-0] INFO  a.s.m.c.CleanDeadResourceCommandHandler - Cleaned dead leases from 0 read-write locks, modified count: 0
12:54:36.961 [atoma-ttl-worker-0] INFO  a.s.m.c.CleanDeadResourceCommandHandler - Deleted 1 empty read-write lock documents
12:54:37.010 [Test worker] INFO  a.s.m.c.CleanDeadResourceCommandHandler - Cleaned dead leases from 0 read-write locks, modified count: 0
]]></system-out>
  <system-err><![CDATA[Thread Thread-6-59 enter waiting....  
Thread Thread-7-60 enter waiting....  
Thread Thread-6-59 enter waiting done....  
Thread Thread-7-60 enter waiting done....  
]]></system-err>
</testsuite>
